 sim.turn     t(hours)         ex1(m)           ey1(m)           el1(eV/s/charge) sig_T1           sig_dP/P_2      ex2(m)           ey2(m)           el2(eV/s/charge) sig_T1           sig_dP/P_2
 ----------------------------------------------------------------------------------------------------------------------
         0    0.0000000E+00    0.5032095E-09    0.5050469E-09    0.6105487E+00    0.2663646E-09    0.1041980E-03    0.5032095E-09    0.5050469E-09    0.6078796E+00    0.2653928E-09    0.1041224E-03
       100    0.4940124E-01    0.5028600E-09    0.5047477E-09    0.6106576E+00    0.2668460E-09    0.1040286E-03    0.5069516E-09    0.5092151E-09    0.6075592E+00    0.2662503E-09    0.1037323E-03
       200    0.9880248E-01    0.5026514E-09    0.5043702E-09    0.6116057E+00    0.2665085E-09    0.1043220E-03    0.5068210E-09    0.5089689E-09    0.6076467E+00    0.2656486E-09    0.1039823E-03
       300    0.1482037E+00    0.5022895E-09    0.5041715E-09    0.6108661E+00    0.2667385E-09    0.1041060E-03    0.5064968E-09    0.5087829E-09    0.6073337E+00    0.2651592E-09    0.1041205E-03
       400    0.1976050E+00    0.5019861E-09    0.5038868E-09    0.6103904E+00    0.2662088E-09    0.1042320E-03    0.5061967E-09    0.5084257E-09    0.6065503E+00    0.2656983E-09    0.1037752E-03
       500    0.2470062E+00    0.5017136E-09    0.5035512E-09    0.6092535E+00    0.2658538E-09    0.1041767E-03    0.5057705E-09    0.5081123E-09    0.6060371E+00    0.2646726E-09    0.1040892E-03
       600    0.2964074E+00    0.5015626E-09    0.5032272E-09    0.6083574E+00    0.2653985E-09    0.1042020E-03    0.5054581E-09    0.5077938E-09    0.6059317E+00    0.2647892E-09    0.1040253E-03
       700    0.3458087E+00    0.5011495E-09    0.5030479E-09    0.6079331E+00    0.2653393E-09    0.1041526E-03    0.5054335E-09    0.5075151E-09    0.6043425E+00    0.2653819E-09    0.1035208E-03
       800    0.3952099E+00    0.5010755E-09    0.5027247E-09    0.6074051E+00    0.2654039E-09    0.1040368E-03    0.5053118E-09    0.5070994E-09    0.6035211E+00    0.2634213E-09    0.1041495E-03
       900    0.4446112E+00    0.5007855E-09    0.5024661E-09    0.6067368E+00    0.2643359E-09    0.1043422E-03    0.5053604E-09    0.5067307E-09    0.6033091E+00    0.2636228E-09    0.1040333E-03
      1000    0.4940124E+00    0.5001193E-09    0.5023006E-09    0.6063987E+00    0.2646824E-09    0.1041475E-03    0.5051468E-09    0.5064976E-09    0.6025216E+00    0.2644205E-09    0.1035841E-03
      1100    0.5434136E+00    0.4996477E-09    0.5020513E-09    0.6057284E+00    0.2650185E-09    0.1039005E-03    0.5047195E-09    0.5060536E-09    0.6017818E+00    0.2633815E-09    0.1038651E-03
      1200    0.5928149E+00    0.4994440E-09    0.5017560E-09    0.6055845E+00    0.2640262E-09    0.1042662E-03    0.5043277E-09    0.5058614E-09    0.6002467E+00    0.2627409E-09    0.1038527E-03
      1300    0.6422161E+00    0.4994360E-09    0.5015071E-09    0.6052960E+00    0.2640304E-09    0.1042148E-03    0.5038298E-09    0.5054599E-09    0.5998175E+00    0.2628663E-09    0.1037289E-03
      1400    0.6916174E+00    0.4989859E-09    0.5012155E-09    0.6051160E+00    0.2646539E-09    0.1039384E-03    0.5034723E-09    0.5050801E-09    0.5995294E+00    0.2628807E-09    0.1036734E-03
      1500    0.7410187E+00    0.4988442E-09    0.5007935E-09    0.6043378E+00    0.2637444E-09    0.1041627E-03    0.5030428E-09    0.5048147E-09    0.5985297E+00    0.2628826E-09    0.1034998E-03
      1600    0.7904198E+00    0.4982638E-09    0.5003298E-09    0.6029509E+00    0.2632355E-09    0.1041245E-03    0.5027900E-09    0.5042812E-09    0.5975049E+00    0.2616796E-09    0.1037976E-03
      1700    0.8398211E+00    0.4977778E-09    0.4998147E-09    0.6032423E+00    0.2634148E-09    0.1041040E-03    0.5026227E-09    0.5040589E-09    0.5975267E+00    0.2616067E-09    0.1038303E-03
      1800    0.8892224E+00    0.4974277E-09    0.4992709E-09    0.6030306E+00    0.2636428E-09    0.1039774E-03    0.5022666E-09    0.5038815E-09    0.5971246E+00    0.2626830E-09    0.1033353E-03
      1900    0.9386235E+00    0.4969498E-09    0.4989826E-09    0.6021622E+00    0.2630350E-09    0.1040676E-03    0.5017795E-09    0.5033808E-09    0.5962930E+00    0.2614033E-09    0.1036965E-03
      2000    0.9880248E+00    0.4966784E-09    0.4986140E-09    0.6012776E+00    0.2625742E-09    0.1040971E-03    0.5013353E-09    0.5032088E-09    0.5956416E+00    0.2611610E-09    0.1036794E-03
      2100    0.1037426E+01    0.4961696E-09    0.4982678E-09    0.6007414E+00    0.2626722E-09    0.1039655E-03    0.5011592E-09    0.5028477E-09    0.5956157E+00    0.2621270E-09    0.1032928E-03
      2200    0.1086827E+01    0.4959608E-09    0.4979518E-09    0.6005462E+00    0.2625508E-09    0.1039798E-03    0.5007947E-09    0.5025027E-09    0.5955889E+00    0.2610891E-09    0.1036988E-03
      2300    0.1136229E+01    0.4955952E-09    0.4975135E-09    0.6000872E+00    0.2623699E-09    0.1039719E-03    0.5003045E-09    0.5020113E-09    0.5949075E+00    0.2612821E-09    0.1035036E-03
      2400    0.1185630E+01    0.4952852E-09    0.4972586E-09    0.5988777E+00    0.2624856E-09    0.1037166E-03    0.4997059E-09    0.5017201E-09    0.5940725E+00    0.2614215E-09    0.1033032E-03
      2500    0.1235031E+01    0.4947889E-09    0.4966537E-09    0.5984355E+00    0.2613421E-09    0.1040935E-03    0.4993113E-09    0.5014291E-09    0.5934823E+00    0.2599992E-09    0.1037651E-03
      2600    0.1284432E+01    0.4944557E-09    0.4965839E-09    0.5981777E+00    0.2619252E-09    0.1038170E-03    0.4986057E-09    0.5010035E-09    0.5928659E+00    0.2609939E-09    0.1032623E-03
      2700    0.1333834E+01    0.4941734E-09    0.4963208E-09    0.5974288E+00    0.2619910E-09    0.1036610E-03    0.4980583E-09    0.5005030E-09    0.5928031E+00    0.2608380E-09    0.1033131E-03
      2800    0.1383235E+01    0.4934423E-09    0.4960368E-09    0.5965212E+00    0.2606131E-09    0.1040508E-03    0.4973597E-09    0.5000197E-09    0.5916835E+00    0.2597548E-09    0.1035480E-03
      2900    0.1432636E+01    0.4931315E-09    0.4955210E-09    0.5962024E+00    0.2613068E-09    0.1037191E-03    0.4969036E-09    0.4995437E-09    0.5912575E+00    0.2602091E-09    0.1032928E-03
      3000    0.1482037E+01    0.4926114E-09    0.4952053E-09    0.5960839E+00    0.2617375E-09    0.1035278E-03    0.4964300E-09    0.4992901E-09    0.5906722E+00    0.2604972E-09    0.1030764E-03
      3100    0.1531438E+01    0.4922519E-09    0.4948733E-09    0.5953711E+00    0.2603381E-09    0.1039599E-03    0.4959002E-09    0.4988942E-09    0.5894898E+00    0.2591916E-09    0.1033882E-03
      3200    0.1580840E+01    0.4918049E-09    0.4944097E-09    0.5943214E+00    0.2604888E-09    0.1037165E-03    0.4955863E-09    0.4983784E-09    0.5881500E+00    0.2592003E-09    0.1031498E-03
      3300    0.1630241E+01    0.4913558E-09    0.4939008E-09    0.5936511E+00    0.2611891E-09    0.1033218E-03    0.4951585E-09    0.4979379E-09    0.5876582E+00    0.2594215E-09    0.1029756E-03
      3400    0.1679642E+01    0.4907798E-09    0.4932865E-09    0.5934323E+00    0.2598429E-09    0.1038188E-03    0.4947112E-09    0.4975818E-09    0.5871204E+00    0.2583936E-09    0.1032907E-03
      3500    0.1729043E+01    0.4904728E-09    0.4929352E-09    0.5928068E+00    0.2600719E-09    0.1036180E-03    0.4943994E-09    0.4971399E-09    0.5862228E+00    0.2587435E-09    0.1029933E-03
      3600    0.1778445E+01    0.4898478E-09    0.4925903E-09    0.5918129E+00    0.2606006E-09    0.1032345E-03    0.4938764E-09    0.4965872E-09    0.5859205E+00    0.2589080E-09    0.1028748E-03
      3700    0.1827846E+01    0.4892344E-09    0.4919136E-09    0.5915927E+00    0.2590150E-09    0.1038278E-03    0.4933035E-09    0.4960660E-09    0.5851623E+00    0.2582571E-09    0.1030006E-03
      3800    0.1877247E+01    0.4886950E-09    0.4912991E-09    0.5909274E+00    0.2600959E-09    0.1032800E-03    0.4929472E-09    0.4955947E-09    0.5843995E+00    0.2579185E-09    0.1030014E-03
      3900    0.1926648E+01    0.4881587E-09    0.4906512E-09    0.5902310E+00    0.2600402E-09    0.1031804E-03    0.4925954E-09    0.4949399E-09    0.5839748E+00    0.2582800E-09    0.1027825E-03
      4000    0.1976050E+01    0.4875921E-09    0.4900651E-09    0.5891302E+00    0.2582014E-09    0.1037214E-03    0.4923149E-09    0.4943047E-09    0.5833774E+00    0.2579510E-09    0.1028083E-03
      4100    0.2025451E+01    0.4872813E-09    0.4896332E-09    0.5889481E+00    0.2593054E-09    0.1032479E-03    0.4919563E-09    0.4939554E-09    0.5829613E+00    0.2576527E-09    0.1028539E-03
      4200    0.2074852E+01    0.4866048E-09    0.4890807E-09    0.5889975E+00    0.2596836E-09    0.1031062E-03    0.4914102E-09    0.4932526E-09    0.5819694E+00    0.2575648E-09    0.1027139E-03
      4300    0.2124253E+01    0.4859938E-09    0.4886805E-09    0.5877238E+00    0.2582449E-09    0.1034563E-03    0.4907850E-09    0.4926556E-09    0.5812799E+00    0.2570037E-09    0.1028162E-03
      4400    0.2173655E+01    0.4856797E-09    0.4881294E-09    0.5869039E+00    0.2587192E-09    0.1031226E-03    0.4905155E-09    0.4922075E-09    0.5811206E+00    0.2571521E-09    0.1027287E-03
      4500    0.2223056E+01    0.4850165E-09    0.4876602E-09    0.5863298E+00    0.2586065E-09    0.1030667E-03    0.4902722E-09    0.4918529E-09    0.5803340E+00    0.2573945E-09    0.1024930E-03
      4600    0.2272457E+01    0.4848143E-09    0.4871620E-09    0.5849758E+00    0.2578597E-09    0.1031265E-03    0.4895632E-09    0.4913867E-09    0.5794029E+00    0.2561869E-09    0.1028110E-03
      4700    0.2321858E+01    0.4842772E-09    0.4866532E-09    0.5841019E+00    0.2574149E-09    0.1031503E-03    0.4891567E-09    0.4909408E-09    0.5786581E+00    0.2568466E-09    0.1024151E-03
      4800    0.2371259E+01    0.4837529E-09    0.4862342E-09    0.5837560E+00    0.2581087E-09    0.1028121E-03    0.4886455E-09    0.4903121E-09    0.5776459E+00    0.2565628E-09    0.1023490E-03
      4900    0.2420661E+01    0.4831386E-09    0.4855281E-09    0.5827817E+00    0.2577443E-09    0.1027857E-03    0.4882446E-09    0.4898119E-09    0.5769092E+00    0.2554846E-09    0.1026499E-03
      5000    0.2470062E+01    0.4827395E-09    0.4848633E-09    0.5822364E+00    0.2565857E-09    0.1031532E-03    0.4880382E-09    0.4894481E-09    0.5761483E+00    0.2564003E-09    0.1021483E-03
      5100    0.2519463E+01    0.4825051E-09    0.4844737E-09    0.5813509E+00    0.2569397E-09    0.1028544E-03    0.4875379E-09    0.4889866E-09    0.5753068E+00    0.2554814E-09    0.1023661E-03
      5200    0.2568864E+01    0.4821218E-09    0.4838976E-09    0.5818102E+00    0.2572432E-09    0.1028142E-03    0.4869919E-09    0.4886114E-09    0.5752841E+00    0.2553132E-09    0.1024294E-03
      5300    0.2618266E+01    0.4818392E-09    0.4833764E-09    0.5813894E+00    0.2570086E-09    0.1028336E-03    0.4863364E-09    0.4878690E-09    0.5743629E+00    0.2563250E-09    0.1018617E-03
      5400    0.2667667E+01    0.4814135E-09    0.4829025E-09    0.5806696E+00    0.2568719E-09    0.1027610E-03    0.4858549E-09    0.4873603E-09    0.5731213E+00    0.2544513E-09    0.1023900E-03
      5500    0.2717068E+01    0.4809403E-09    0.4825139E-09    0.5801288E+00    0.2566324E-09    0.1027611E-03    0.4853163E-09    0.4869601E-09    0.5729448E+00    0.2547999E-09    0.1022184E-03
      5600    0.2766469E+01    0.4804395E-09    0.4821004E-09    0.5788686E+00    0.2564484E-09    0.1026114E-03    0.4845484E-09    0.4865836E-09    0.5731181E+00    0.2558777E-09    0.1018187E-03
      5700    0.2815871E+01    0.4795089E-09    0.4815134E-09    0.5778333E+00    0.2559139E-09    0.1026418E-03    0.4839719E-09    0.4861115E-09    0.5724695E+00    0.2544665E-09    0.1022674E-03
      5800    0.2865272E+01    0.4791434E-09    0.4809514E-09    0.5770325E+00    0.2559502E-09    0.1024850E-03    0.4835168E-09    0.4852553E-09    0.5712419E+00    0.2545950E-09    0.1019966E-03
      5900    0.2914673E+01    0.4786037E-09    0.4804422E-09    0.5760320E+00    0.2555300E-09    0.1024756E-03    0.4832678E-09    0.4847905E-09    0.5704525E+00    0.2546436E-09    0.1018362E-03
      6000    0.2964075E+01    0.4780564E-09    0.4799502E-09    0.5755360E+00    0.2552828E-09    0.1024865E-03    0.4828993E-09    0.4841151E-09    0.5699434E+00    0.2539128E-09    0.1020382E-03
      6100    0.3013476E+01    0.4776167E-09    0.4796661E-09    0.5747851E+00    0.2556510E-09    0.1022054E-03    0.4823036E-09    0.4834174E-09    0.5692847E+00    0.2543298E-09    0.1017532E-03
      6200    0.3062877E+01    0.4771131E-09    0.4790623E-09    0.5745399E+00    0.2547487E-09    0.1025236E-03    0.4816478E-09    0.4831845E-09    0.5688664E+00    0.2538204E-09    0.1018825E-03
      6300    0.3112278E+01    0.4765759E-09    0.4785395E-09    0.5739447E+00    0.2554357E-09    0.1021419E-03    0.4810384E-09    0.4826635E-09    0.5683271E+00    0.2535659E-09    0.1018880E-03
      6400    0.3161679E+01    0.4759593E-09    0.4779643E-09    0.5734233E+00    0.2549580E-09    0.1022404E-03    0.4803821E-09    0.4821076E-09    0.5674438E+00    0.2537098E-09    0.1016720E-03
      6500    0.3211081E+01    0.4754045E-09    0.4773346E-09    0.5724639E+00    0.2541325E-09    0.1024008E-03    0.4797908E-09    0.4817337E-09    0.5666829E+00    0.2530492E-09    0.1018007E-03
      6600    0.3260482E+01    0.4748662E-09    0.4769745E-09    0.5715432E+00    0.2550242E-09    0.1018787E-03    0.4793095E-09    0.4812045E-09    0.5660107E+00    0.2533253E-09    0.1015691E-03
      6700    0.3309883E+01    0.4741763E-09    0.4764541E-09    0.5707898E+00    0.2538973E-09    0.1021960E-03    0.4785409E-09    0.4804514E-09    0.5654870E+00    0.2530813E-09    0.1015730E-03
      6800    0.3359284E+01    0.4733794E-09    0.4760166E-09    0.5697765E+00    0.2539458E-09    0.1019951E-03    0.4780876E-09    0.4798605E-09    0.5645931E+00    0.2526640E-09    0.1015799E-03
      6900    0.3408686E+01    0.4727799E-09    0.4754819E-09    0.5683981E+00    0.2541775E-09    0.1016556E-03    0.4775835E-09    0.4794121E-09    0.5639239E+00    0.2525188E-09    0.1015179E-03
      7000    0.3458087E+01    0.4721363E-09    0.4749744E-09    0.5676653E+00    0.2525080E-09    0.1021958E-03    0.4770223E-09    0.4789157E-09    0.5636876E+00    0.2525279E-09    0.1014716E-03
      7100    0.3507488E+01    0.4714014E-09    0.4742031E-09    0.5667545E+00    0.2532836E-09    0.1017193E-03    0.4765131E-09    0.4785006E-09    0.5636219E+00    0.2527246E-09    0.1013809E-03
      7200    0.3556890E+01    0.4706106E-09    0.4736402E-09    0.5661086E+00    0.2535786E-09    0.1014852E-03    0.4757120E-09    0.4780725E-09    0.5624782E+00    0.2522815E-09    0.1013529E-03
      7300    0.3606291E+01    0.4698879E-09    0.4730495E-09    0.5645816E+00    0.2519795E-09    0.1018538E-03    0.4750225E-09    0.4776100E-09    0.5615238E+00    0.2512181E-09    0.1016092E-03
      7400    0.3655692E+01    0.4694718E-09    0.4726608E-09    0.5640383E+00    0.2525389E-09    0.1015304E-03    0.4743373E-09    0.4769040E-09    0.5609993E+00    0.2521275E-09    0.1011481E-03
      7500    0.3705093E+01    0.4688957E-09    0.4721910E-09    0.5633536E+00    0.2525442E-09    0.1014050E-03    0.4739537E-09    0.4763584E-09    0.5603298E+00    0.2518012E-09    0.1011583E-03
      7600    0.3754494E+01    0.4683245E-09    0.4717580E-09    0.5625339E+00    0.2517523E-09    0.1015760E-03    0.4733947E-09    0.4759215E-09    0.5597859E+00    0.2508087E-09    0.1014600E-03
      7700    0.3803895E+01    0.4676647E-09    0.4712650E-09    0.5610928E+00    0.2518094E-09    0.1012928E-03    0.4727181E-09    0.4753156E-09    0.5593396E+00    0.2515702E-09    0.1010723E-03
      7800    0.3853297E+01    0.4670085E-09    0.4708615E-09    0.5605723E+00    0.2514437E-09    0.1013460E-03    0.4721601E-09    0.4744798E-09    0.5586511E+00    0.2512288E-09    0.1010850E-03
      7900    0.3902698E+01    0.4665746E-09    0.4700272E-09    0.5596616E+00    0.2512094E-09    0.1012757E-03    0.4716735E-09    0.4740512E-09    0.5579308E+00    0.2506657E-09    0.1011815E-03
      8000    0.3952099E+01    0.4659308E-09    0.4694775E-09    0.5585643E+00    0.2514038E-09    0.1009990E-03    0.4712657E-09    0.4735604E-09    0.5569075E+00    0.2509076E-09    0.1008986E-03
      8100    0.4001501E+01    0.4651768E-09    0.4687344E-09    0.5576868E+00    0.2507153E-09    0.1011172E-03    0.4707534E-09    0.4731222E-09    0.5564378E+00    0.2503011E-09    0.1010577E-03
      8200    0.4050902E+01    0.4647495E-09    0.4678301E-09    0.5570975E+00    0.2503525E-09    0.1011568E-03    0.4700878E-09    0.4725001E-09    0.5554560E+00    0.2502214E-09    0.1009115E-03
      8300    0.4100303E+01    0.4643996E-09    0.4674405E-09    0.5567999E+00    0.2505998E-09    0.1010030E-03    0.4695268E-09    0.4718931E-09    0.5551399E+00    0.2503425E-09    0.1008053E-03
      8400    0.4149704E+01    0.4634808E-09    0.4665449E-09    0.5564237E+00    0.2507866E-09    0.1008595E-03    0.4688668E-09    0.4714332E-09    0.5542727E+00    0.2500317E-09    0.1007730E-03
      8500    0.4199106E+01    0.4628925E-09    0.4660233E-09    0.5558288E+00    0.2500526E-09    0.1010474E-03    0.4680938E-09    0.4706501E-09    0.5538805E+00    0.2497682E-09    0.1008079E-03
      8600    0.4248507E+01    0.4622392E-09    0.4654673E-09    0.5551428E+00    0.2497037E-09    0.1010637E-03    0.4674984E-09    0.4699369E-09    0.5532499E+00    0.2496455E-09    0.1007426E-03
      8700    0.4297908E+01    0.4617209E-09    0.4650451E-09    0.5552056E+00    0.2508697E-09    0.1006054E-03    0.4669427E-09    0.4694039E-09    0.5518835E+00    0.2498234E-09    0.1004222E-03
      8800    0.4347309E+01    0.4612744E-09    0.4643859E-09    0.5546944E+00    0.2496930E-09    0.1009864E-03    0.4663475E-09    0.4687654E-09    0.5507963E+00    0.2486788E-09    0.1006857E-03
      8900    0.4396710E+01    0.4604538E-09    0.4636642E-09    0.5534726E+00    0.2492701E-09    0.1009350E-03    0.4656648E-09    0.4680349E-09    0.5512683E+00    0.2489815E-09    0.1006495E-03
      9000    0.4446112E+01    0.4599835E-09    0.4631344E-09    0.5533175E+00    0.2502527E-09    0.1005105E-03    0.4654139E-09    0.4676043E-09    0.5504336E+00    0.2498651E-09    0.1001417E-03
      9100    0.4495513E+01    0.4595274E-09    0.4627084E-09    0.5520119E+00    0.2490727E-09    0.1007483E-03    0.4649598E-09    0.4671687E-09    0.5493430E+00    0.2478772E-09    0.1007448E-03
      9200    0.4544914E+01    0.4587831E-09    0.4621434E-09    0.5510810E+00    0.2485743E-09    0.1007801E-03    0.4643612E-09    0.4665771E-09    0.5493354E+00    0.2484600E-09    0.1005071E-03
      9300    0.4594316E+01    0.4582240E-09    0.4615765E-09    0.5500401E+00    0.2494699E-09    0.1002287E-03    0.4637565E-09    0.4663542E-09    0.5487949E+00    0.2495870E-09    0.9995481E-04
      9400    0.4643717E+01    0.4576842E-09    0.4612603E-09    0.5494036E+00    0.2482751E-09    0.1005944E-03    0.4629975E-09    0.4658818E-09    0.5480732E+00    0.2479730E-09    0.1004731E-03
      9500    0.4693118E+01    0.4568920E-09    0.4605158E-09    0.5492159E+00    0.2481084E-09    0.1006276E-03    0.4626245E-09    0.4652957E-09    0.5466928E+00    0.2479866E-09    0.1002146E-03
      9600    0.4742519E+01    0.4561763E-09    0.4598507E-09    0.5486048E+00    0.2490306E-09    0.1001434E-03    0.4620395E-09    0.4645771E-09    0.5461910E+00    0.2477775E-09    0.1002071E-03
      9700    0.4791921E+01    0.4556965E-09    0.4593959E-09    0.5480806E+00    0.2480315E-09    0.1004508E-03    0.4613780E-09    0.4640888E-09    0.5455743E+00    0.2478187E-09    0.1000773E-03
      9800    0.4841321E+01    0.4552541E-09    0.4588777E-09    0.5475921E+00    0.2478760E-09    0.1004242E-03    0.4605821E-09    0.4636658E-09    0.5446627E+00    0.2479600E-09    0.9985312E-04
      9900    0.4890723E+01    0.4547012E-09    0.4584792E-09    0.5465744E+00    0.2482164E-09    0.1001001E-03    0.4600370E-09    0.4631581E-09    0.5435693E+00    0.2465951E-09    0.1002043E-03
     10000    0.4940124E+01    0.4542058E-09    0.4577895E-09    0.5461885E+00    0.2474686E-09    0.1003317E-03    0.4595606E-09    0.4625326E-09    0.5429570E+00    0.2470681E-09    0.9989976E-04
     10100    0.4989525E+01    0.4535634E-09    0.4572929E-09    0.5452136E+00    0.2476502E-09    0.1000792E-03    0.4590624E-09    0.4618922E-09    0.5428026E+00    0.2474026E-09    0.9973631E-04
     10200    0.5038927E+01    0.4528110E-09    0.4565049E-09    0.5440469E+00    0.2472019E-09    0.1000461E-03    0.4584593E-09    0.4613133E-09    0.5419608E+00    0.2465795E-09    0.9991405E-04
     10300    0.5088327E+01    0.4520329E-09    0.4558770E-09    0.5435606E+00    0.2467668E-09    0.1001329E-03    0.4581238E-09    0.4605829E-09    0.5412913E+00    0.2466161E-09    0.9977580E-04
     10400    0.5137729E+01    0.4512967E-09    0.4552657E-09    0.5428001E+00    0.2473752E-09    0.9974689E-04    0.4575252E-09    0.4600705E-09    0.5408127E+00    0.2463167E-09    0.9980876E-04
     10500    0.5187130E+01    0.4503236E-09    0.4544123E-09    0.5419001E+00    0.2463278E-09    0.1000050E-03    0.4566628E-09    0.4594733E-09    0.5402377E+00    0.2465953E-09    0.9959002E-04
     10600    0.5236531E+01    0.4494892E-09    0.4539725E-09    0.5415143E+00    0.2462285E-09    0.9997407E-04    0.4558864E-09    0.4586655E-09    0.5396565E+00    0.2461810E-09    0.9965029E-04
     10700    0.5285933E+01    0.4491229E-09    0.4535864E-09    0.5405639E+00    0.2469580E-09    0.9950381E-04    0.4552557E-09    0.4582639E-09    0.5383313E+00    0.2455778E-09    0.9964974E-04
     10800    0.5335334E+01    0.4486189E-09    0.4531836E-09    0.5398549E+00    0.2456423E-09    0.9990552E-04    0.4546066E-09    0.4576258E-09    0.5379546E+00    0.2459552E-09    0.9942723E-04
     10900    0.5384736E+01    0.4481344E-09    0.4526670E-09    0.5388587E+00    0.2456233E-09    0.9972887E-04    0.4542260E-09    0.4568652E-09    0.5376927E+00    0.2456932E-09    0.9948477E-04
     11000    0.5434136E+01    0.4473706E-09    0.4520607E-09    0.5379516E+00    0.2461235E-09    0.9935867E-04    0.4537475E-09    0.4564344E-09    0.5372286E+00    0.2456898E-09    0.9940029E-04
     11100    0.5483538E+01    0.4468551E-09    0.4513772E-09    0.5371876E+00    0.2449584E-09    0.9968945E-04    0.4529590E-09    0.4558715E-09    0.5362552E+00    0.2453980E-09    0.9933816E-04
     11200    0.5532939E+01    0.4462757E-09    0.4508292E-09    0.5362912E+00    0.2452809E-09    0.9939228E-04    0.4522023E-09    0.4550759E-09    0.5355623E+00    0.2450768E-09    0.9933984E-04
     11300    0.5582340E+01    0.4455587E-09    0.4501296E-09    0.5359923E+00    0.2452443E-09    0.9935169E-04    0.4513920E-09    0.4546312E-09    0.5351261E+00    0.2451031E-09    0.9924829E-04
     11400    0.5631742E+01    0.4448499E-09    0.4496850E-09    0.5353222E+00    0.2448253E-09    0.9939731E-04    0.4506477E-09    0.4539033E-09    0.5346653E+00    0.2449013E-09    0.9924455E-04
     11500    0.5681142E+01    0.4444091E-09    0.4490699E-09    0.5337922E+00    0.2448741E-09    0.9909345E-04    0.4500938E-09    0.4530746E-09    0.5335209E+00    0.2447812E-09    0.9908071E-04
     11600    0.5730544E+01    0.4436791E-09    0.4486649E-09    0.5328164E+00    0.2439669E-09    0.9928013E-04    0.4498433E-09    0.4524035E-09    0.5323606E+00    0.2443545E-09    0.9903787E-04
     11700    0.5779945E+01    0.4432083E-09    0.4482443E-09    0.5322635E+00    0.2441779E-09    0.9909143E-04    0.4494913E-09    0.4519838E-09    0.5315733E+00    0.2437757E-09    0.9912621E-04
     11800    0.5829346E+01    0.4425434E-09    0.4477447E-09    0.5320448E+00    0.2444268E-09    0.9894981E-04    0.4488186E-09    0.4515430E-09    0.5307621E+00    0.2441105E-09    0.9883920E-04
     11900    0.5878748E+01    0.4418939E-09    0.4472015E-09    0.5310339E+00    0.2437313E-09    0.9904367E-04    0.4482267E-09    0.4507828E-09    0.5305840E+00    0.2438207E-09    0.9892345E-04
     12000    0.5928149E+01    0.4414615E-09    0.4467749E-09    0.5298126E+00    0.2434740E-09    0.9892030E-04    0.4476464E-09    0.4500541E-09    0.5295765E+00    0.2438834E-09    0.9871024E-04
     12100    0.5977551E+01    0.4408671E-09    0.4460662E-09    0.5294907E+00    0.2436837E-09    0.9877512E-04    0.4469810E-09    0.4495442E-09    0.5290182E+00    0.2433496E-09    0.9882247E-04
     12200    0.6026951E+01    0.4402729E-09    0.4453456E-09    0.5284607E+00    0.2431687E-09    0.9879177E-04    0.4462674E-09    0.4489296E-09    0.5288879E+00    0.2432866E-09    0.9882369E-04
     12300    0.6076353E+01    0.4399507E-09    0.4447003E-09    0.5283278E+00    0.2429028E-09    0.9887501E-04    0.4456269E-09    0.4483771E-09    0.5283787E+00    0.2440362E-09    0.9842532E-04
     12400    0.6125754E+01    0.4394480E-09    0.4441647E-09    0.5278552E+00    0.2434423E-09    0.9856766E-04    0.4447494E-09    0.4478712E-09    0.5271060E+00    0.2423912E-09    0.9885458E-04
     12500    0.6175155E+01    0.4388323E-09    0.4434186E-09    0.5266469E+00    0.2426173E-09    0.9867642E-04    0.4441828E-09    0.4472133E-09    0.5268937E+00    0.2426470E-09    0.9871060E-04
     12600    0.6224556E+01    0.4383695E-09    0.4428151E-09    0.5265065E+00    0.2423711E-09    0.9875033E-04    0.4436627E-09    0.4465719E-09    0.5262110E+00    0.2437366E-09    0.9814196E-04
     12700    0.6273957E+01    0.4375651E-09    0.4422226E-09    0.5253564E+00    0.2430603E-09    0.9825523E-04    0.4430434E-09    0.4460956E-09    0.5262331E+00    0.2419398E-09    0.9887500E-04
     12800    0.6323359E+01    0.4369618E-09    0.4416039E-09    0.5246578E+00    0.2418757E-09    0.9860514E-04    0.4422487E-09    0.4453656E-09    0.5254397E+00    0.2426724E-09    0.9842792E-04
     12900    0.6372760E+01    0.4363624E-09    0.4409938E-09    0.5237086E+00    0.2419287E-09    0.9840517E-04    0.4418119E-09    0.4444574E-09    0.5254372E+00    0.2428459E-09    0.9835707E-04
     13000    0.6422161E+01    0.4356590E-09    0.4402957E-09    0.5229334E+00    0.2421402E-09    0.9817369E-04    0.4415396E-09    0.4436640E-09    0.5246564E+00    0.2421244E-09    0.9850359E-04
     13100    0.6471562E+01    0.4351869E-09    0.4397916E-09    0.5223136E+00    0.2415055E-09    0.9831503E-04    0.4410099E-09    0.4429443E-09    0.5233556E+00    0.2424811E-09    0.9811483E-04
     13200    0.6520964E+01    0.4348740E-09    0.4390773E-09    0.5219618E+00    0.2411952E-09    0.9837522E-04    0.4404380E-09    0.4424132E-09    0.5230874E+00    0.2414638E-09    0.9847771E-04
     13300    0.6570365E+01    0.4343557E-09    0.4385780E-09    0.5211135E+00    0.2414573E-09    0.9810872E-04    0.4396290E-09    0.4417185E-09    0.5225561E+00    0.2417817E-09    0.9824835E-04
     13400    0.6619766E+01    0.4337377E-09    0.4381017E-09    0.5210831E+00    0.2412148E-09    0.9820164E-04    0.4390014E-09    0.4411519E-09    0.5216951E+00    0.2421024E-09    0.9795652E-04
     13500    0.6669168E+01    0.4334751E-09    0.4375101E-09    0.5202304E+00    0.2412472E-09    0.9802778E-04    0.4382839E-09    0.4404794E-09    0.5208877E+00    0.2407858E-09    0.9833969E-04
     13600    0.6718569E+01    0.4328242E-09    0.4369432E-09    0.5199890E+00    0.2410110E-09    0.9807829E-04    0.4377656E-09    0.4399172E-09    0.5204577E+00    0.2414560E-09    0.9798581E-04
     13700    0.6767970E+01    0.4323294E-09    0.4366037E-09    0.5196187E+00    0.2405837E-09    0.9818254E-04    0.4374165E-09    0.4391674E-09    0.5204387E+00    0.2414468E-09    0.9798596E-04
     13800    0.6817371E+01    0.4316177E-09    0.4359116E-09    0.5190619E+00    0.2411022E-09    0.9786642E-04    0.4368874E-09    0.4385697E-09    0.5191575E+00    0.2405195E-09    0.9812160E-04
     13900    0.6866772E+01    0.4309222E-09    0.4353103E-09    0.5187480E+00    0.2405416E-09    0.9803515E-04    0.4365361E-09    0.4381086E-09    0.5180273E+00    0.2410090E-09    0.9770912E-04
     14000    0.6916173E+01    0.4305240E-09    0.4349870E-09    0.5176372E+00    0.2402226E-09    0.9795513E-04    0.4360086E-09    0.4374221E-09    0.5174195E+00    0.2400942E-09    0.9796634E-04
     14100    0.6965575E+01    0.4303260E-09    0.4343949E-09    0.5169845E+00    0.2405233E-09    0.9770932E-04    0.4356588E-09    0.4369062E-09    0.5169109E+00    0.2402658E-09    0.9780010E-04
     14200    0.7014976E+01    0.4297829E-09    0.4337353E-09    0.5168113E+00    0.2398743E-09    0.9794088E-04    0.4353874E-09    0.4362598E-09    0.5162547E+00    0.2406026E-09    0.9753921E-04
     14300    0.7064377E+01    0.4295073E-09    0.4331537E-09    0.5159512E+00    0.2401863E-09    0.9765084E-04    0.4348089E-09    0.4359068E-09    0.5160540E+00    0.2393487E-09    0.9801215E-04
     14400    0.7113779E+01    0.4289250E-09    0.4326713E-09    0.5153206E+00    0.2396980E-09    0.9773020E-04    0.4340449E-09    0.4352567E-09    0.5150405E+00    0.2403448E-09    0.9741419E-04
     14500    0.7163180E+01    0.4283972E-09    0.4321413E-09    0.5142978E+00    0.2391362E-09    0.9776538E-04    0.4333369E-09    0.4347387E-09    0.5143996E+00    0.2396496E-09    0.9757523E-04
     14600    0.7212581E+01    0.4276299E-09    0.4314823E-09    0.5133199E+00    0.2398204E-09    0.9730108E-04    0.4329408E-09    0.4340890E-09    0.5139396E+00    0.2392088E-09    0.9766762E-04
     14700    0.7261982E+01    0.4270045E-09    0.4308642E-09    0.5129154E+00    0.2389482E-09    0.9757928E-04    0.4321195E-09    0.4331696E-09    0.5127429E+00    0.2396362E-09    0.9726642E-04
     14800    0.7311384E+01    0.4265015E-09    0.4301847E-09    0.5124931E+00    0.2387137E-09    0.9759471E-04    0.4315981E-09    0.4326956E-09    0.5120580E+00    0.2387109E-09    0.9751300E-04
     14900    0.7360785E+01    0.4260230E-09    0.4296269E-09    0.5119989E+00    0.2393032E-09    0.9726044E-04    0.4313093E-09    0.4320516E-09    0.5116782E+00    0.2389672E-09    0.9733615E-04
     15000    0.7410186E+01    0.4252774E-09    0.4291436E-09    0.5117919E+00    0.2386933E-09    0.9746953E-04    0.4306629E-09    0.4316996E-09    0.5111275E+00    0.2392467E-09    0.9711785E-04
     15100    0.7459587E+01    0.4246412E-09    0.4283916E-09    0.5113850E+00    0.2387079E-09    0.9738608E-04    0.4300001E-09    0.4311320E-09    0.5099375E+00    0.2380088E-09    0.9739565E-04
     15200    0.7508988E+01    0.4241193E-09    0.4278851E-09    0.5109786E+00    0.2387066E-09    0.9730923E-04    0.4293183E-09    0.4305554E-09    0.5092254E+00    0.2383116E-09    0.9713608E-04
     15300    0.7558390E+01    0.4235214E-09    0.4272543E-09    0.5102807E+00    0.2386315E-09    0.9720689E-04    0.4286494E-09    0.4300345E-09    0.5086400E+00    0.2385597E-09    0.9692348E-04
     15400    0.7607791E+01    0.4232219E-09    0.4267666E-09    0.5094247E+00    0.2385593E-09    0.9707321E-04    0.4280493E-09    0.4295345E-09    0.5075974E+00    0.2374747E-09    0.9716674E-04
     15500    0.7657192E+01    0.4227855E-09    0.4262865E-09    0.5079679E+00    0.2374019E-09    0.9726752E-04    0.4276920E-09    0.4292467E-09    0.5074390E+00    0.2378357E-09    0.9698900E-04
     15600    0.7706593E+01    0.4223363E-09    0.4259639E-09    0.5076172E+00    0.2376685E-09    0.9709130E-04    0.4270726E-09    0.4287246E-09    0.5070958E+00    0.2379429E-09    0.9687975E-04
     15700    0.7755995E+01    0.4218862E-09    0.4255701E-09    0.5070800E+00    0.2382296E-09    0.9676014E-04    0.4265210E-09    0.4279581E-09    0.5060627E+00    0.2372286E-09    0.9697348E-04
     15800    0.7805396E+01    0.4212639E-09    0.4248727E-09    0.5056756E+00    0.2371617E-09    0.9692663E-04    0.4258994E-09    0.4272983E-09    0.5051406E+00    0.2373428E-09    0.9675018E-04
     15900    0.7854797E+01    0.4207401E-09    0.4245087E-09    0.5043030E+00    0.2367833E-09    0.9681801E-04    0.4253058E-09    0.4266549E-09    0.5047797E+00    0.2374944E-09    0.9661938E-04
     16000    0.7904199E+01    0.4201167E-09    0.4240061E-09    0.5045752E+00    0.2369821E-09    0.9678900E-04    0.4246672E-09    0.4262403E-09    0.5040881E+00    0.2367838E-09    0.9677655E-04
     16100    0.7953600E+01    0.4194161E-09    0.4236329E-09    0.5042738E+00    0.2371519E-09    0.9666194E-04    0.4239658E-09    0.4255474E-09    0.5041488E+00    0.2366286E-09    0.9685171E-04
     16200    0.8003001E+01    0.4186432E-09    0.4232763E-09    0.5031102E+00    0.2367649E-09    0.9659653E-04    0.4234126E-09    0.4251573E-09    0.5039091E+00    0.2371371E-09    0.9659805E-04
     16300    0.8052402E+01    0.4181351E-09    0.4227063E-09    0.5022591E+00    0.2361564E-09    0.9668159E-04    0.4227150E-09    0.4245228E-09    0.5037487E+00    0.2371752E-09    0.9655180E-04
     16400    0.8101804E+01    0.4176796E-09    0.4223718E-09    0.5027140E+00    0.2366257E-09    0.9657721E-04    0.4222727E-09    0.4238642E-09    0.5027560E+00    0.2362096E-09    0.9675543E-04
     16500    0.8151204E+01    0.4168427E-09    0.4217562E-09    0.5016561E+00    0.2366344E-09    0.9637043E-04    0.4215225E-09    0.4231542E-09    0.5023385E+00    0.2360666E-09    0.9673364E-04
     16600    0.8200605E+01    0.4161428E-09    0.4215092E-09    0.5006015E+00    0.2355592E-09    0.9660679E-04    0.4207496E-09    0.4224671E-09    0.5016577E+00    0.2371409E-09    0.9616492E-04
     16700    0.8250007E+01    0.4154841E-09    0.4206733E-09    0.4998993E+00    0.2359092E-09    0.9632816E-04    0.4199955E-09    0.4216480E-09    0.5007054E+00    0.2355133E-09    0.9664569E-04
     16800    0.8299408E+01    0.4149266E-09    0.4200695E-09    0.4989732E+00    0.2356678E-09    0.9624822E-04    0.4193503E-09    0.4209404E-09    0.4999793E+00    0.2353740E-09    0.9656264E-04
     16900    0.8348810E+01    0.4143279E-09    0.4196289E-09    0.4983803E+00    0.2352108E-09    0.9632064E-04    0.4190705E-09    0.4206004E-09    0.4996656E+00    0.2367010E-09    0.9596106E-04
     17000    0.8398211E+01    0.4136544E-09    0.4190964E-09    0.4973635E+00    0.2356029E-09    0.9596414E-04    0.4184002E-09    0.4200293E-09    0.4994813E+00    0.2351961E-09    0.9653943E-04
     17100    0.8447613E+01    0.4132025E-09    0.4183087E-09    0.4971661E+00    0.2344357E-09    0.9640363E-04    0.4179653E-09    0.4194234E-09    0.4987727E+00    0.2354079E-09    0.9631574E-04
     17200    0.8497013E+01    0.4128078E-09    0.4177129E-09    0.4967456E+00    0.2353147E-09    0.9596230E-04    0.4173905E-09    0.4186952E-09    0.4983793E+00    0.2364117E-09    0.9583114E-04
     17300    0.8546414E+01    0.4124504E-09    0.4172801E-09    0.4959276E+00    0.2351919E-09    0.9585430E-04    0.4166262E-09    0.4179000E-09    0.4981059E+00    0.2345847E-09    0.9652455E-04
     17400    0.8595816E+01    0.4118708E-09    0.4164707E-09    0.4955944E+00    0.2334360E-09    0.9651040E-04    0.4162684E-09    0.4173562E-09    0.4968621E+00    0.2350700E-09    0.9608470E-04
     17500    0.8645217E+01    0.4112375E-09    0.4160668E-09    0.4956247E+00    0.2355431E-09    0.9565293E-04    0.4156032E-09    0.4168211E-09    0.4962749E+00    0.2356498E-09    0.9573504E-04
     17600    0.8694618E+01    0.4105443E-09    0.4152059E-09    0.4944708E+00    0.2346566E-09    0.9579075E-04    0.4149635E-09    0.4162908E-09    0.4960714E+00    0.2340167E-09    0.9636361E-04
     17700    0.8744020E+01    0.4099663E-09    0.4144971E-09    0.4944128E+00    0.2328095E-09    0.9653944E-04    0.4143593E-09    0.4156429E-09    0.4955001E+00    0.2349829E-09    0.9585683E-04
     17800    0.8793421E+01    0.4097090E-09    0.4139380E-09    0.4937013E+00    0.2358805E-09    0.9514541E-04    0.4138142E-09    0.4148897E-09    0.4953664E+00    0.2348161E-09    0.9589904E-04
     17900    0.8842822E+01    0.4090970E-09    0.4132142E-09    0.4937243E+00    0.2336551E-09    0.9605609E-04    0.4129543E-09    0.4143427E-09    0.4945072E+00    0.2341226E-09    0.9601632E-04
     18000    0.8892223E+01    0.4082945E-09    0.4128433E-09    0.4925651E+00    0.2329480E-09    0.9612148E-04    0.4124989E-09    0.4139903E-09    0.4936471E+00    0.2342968E-09    0.9577802E-04
     18100    0.8941625E+01    0.4077071E-09    0.4122460E-09    0.4919286E+00    0.2352955E-09    0.9503948E-04    0.4119824E-09    0.4131037E-09    0.4934506E+00    0.2338143E-09    0.9593748E-04
     18200    0.8991026E+01    0.4072871E-09    0.4118259E-09    0.4919451E+00    0.2328740E-09    0.9603096E-04    0.4112330E-09    0.4126367E-09    0.4923304E+00    0.2341635E-09    0.9557694E-04
     18300    0.9040427E+01    0.4066528E-09    0.4115059E-09    0.4909047E+00    0.2333486E-09    0.9563297E-04    0.4104601E-09    0.4120449E-09    0.4918592E+00    0.2334143E-09    0.9579193E-04
     18400    0.9089828E+01    0.4058872E-09    0.4109394E-09    0.4904365E+00    0.2340026E-09    0.9527472E-04    0.4099715E-09    0.4115128E-09    0.4912764E+00    0.2336507E-09    0.9558163E-04
     18500    0.9139230E+01    0.4052856E-09    0.4104096E-09    0.4902433E+00    0.2324526E-09    0.9587227E-04    0.4092462E-09    0.4109585E-09    0.4904250E+00    0.2335091E-09    0.9547386E-04
     18600    0.9188631E+01    0.4048381E-09    0.4099250E-09    0.4889093E+00    0.2332503E-09    0.9528438E-04    0.4085431E-09    0.4104335E-09    0.4906518E+00    0.2326301E-09    0.9587894E-04
     18700    0.9238032E+01    0.4043675E-09    0.4093786E-09    0.4884159E+00    0.2327792E-09    0.9538089E-04    0.4080517E-09    0.4100737E-09    0.4894744E+00    0.2339990E-09    0.9508932E-04
     18800    0.9287434E+01    0.4038792E-09    0.4084885E-09    0.4874482E+00    0.2323684E-09    0.9536017E-04    0.4074221E-09    0.4091633E-09    0.4886461E+00    0.2324096E-09    0.9557756E-04
     18900    0.9336834E+01    0.4030710E-09    0.4079072E-09    0.4868056E+00    0.2324349E-09    0.9520721E-04    0.4065689E-09    0.4085287E-09    0.4880424E+00    0.2322254E-09    0.9553523E-04
     19000    0.9386235E+01    0.4024853E-09    0.4072853E-09    0.4873260E+00    0.2319938E-09    0.9549024E-04    0.4059810E-09    0.4078588E-09    0.4874738E+00    0.2334877E-09    0.9490804E-04
     19100    0.9435637E+01    0.4018422E-09    0.4065486E-09    0.4868918E+00    0.2330986E-09    0.9495295E-04    0.4052620E-09    0.4073638E-09    0.4866501E+00    0.2314929E-09    0.9556412E-04
     19200    0.9485038E+01    0.4013045E-09    0.4059205E-09    0.4856808E+00    0.2316105E-09    0.9532534E-04    0.4043857E-09    0.4068007E-09    0.4855516E+00    0.2320299E-09    0.9512771E-04
     19300    0.9534439E+01    0.4007564E-09    0.4052506E-09    0.4849799E+00    0.2312623E-09    0.9533107E-04    0.4042377E-09    0.4061519E-09    0.4853368E+00    0.2325121E-09    0.9488843E-04
     19400    0.9583841E+01    0.4001366E-09    0.4048331E-09    0.4841952E+00    0.2326330E-09    0.9461606E-04    0.4036702E-09    0.4056868E-09    0.4848934E+00    0.2314554E-09    0.9523454E-04
     19500    0.9633242E+01    0.3994984E-09    0.4040837E-09    0.4841550E+00    0.2310055E-09    0.9527476E-04    0.4030019E-09    0.4048785E-09    0.4835868E+00    0.2314420E-09    0.9498344E-04
     19600    0.9682643E+01    0.3989640E-09    0.4034880E-09    0.4836281E+00    0.2312862E-09    0.9505553E-04    0.4022913E-09    0.4042391E-09    0.4832743E+00    0.2314038E-09    0.9493774E-04
     19700    0.9732044E+01    0.3986391E-09    0.4028506E-09    0.4832788E+00    0.2318002E-09    0.9477626E-04    0.4018075E-09    0.4037324E-09    0.4827242E+00    0.2314666E-09    0.9480394E-04
     19800    0.9781446E+01    0.3980164E-09    0.4022152E-09    0.4832606E+00    0.2307150E-09    0.9521849E-04    0.4012777E-09    0.4033754E-09    0.4816193E+00    0.2308292E-09    0.9484815E-04
     19900    0.9830847E+01    0.3974907E-09    0.4019112E-09    0.4825754E+00    0.2318208E-09    0.9462993E-04    0.4007909E-09    0.4027503E-09    0.4807869E+00    0.2308152E-09    0.9468995E-04
     20000    0.9880248E+01    0.3966545E-09    0.4013604E-09    0.4816082E+00    0.2309034E-09    0.9481547E-04    0.4003144E-09    0.4023288E-09    0.4802674E+00    0.2306858E-09    0.9464069E-04
