     sim.turn     t(hours)      Tp(hours)       Tx(hours)        Ty(hours)
 ----------------------------------------------------------------------------------------------------------------------
         0    0.0000000E+00    0.6193486E+01    0.9106250E+01   -0.4445281E+05
         0    0.0000000E+00    0.6237446E+01    0.9184129E+01   -0.4445749E+05
       100    0.2500000E-01    0.6214677E+01    0.9204607E+01   -0.4489110E+05
       100    0.2500000E-01    0.6269276E+01    0.9293082E+01   -0.4493947E+05
       200    0.5000000E-01    0.6305222E+01    0.9271423E+01   -0.4513023E+05
       200    0.5000000E-01    0.6339964E+01    0.9390952E+01   -0.4534734E+05
       300    0.7500000E-01    0.6322137E+01    0.9340960E+01   -0.4541745E+05
       300    0.7500000E-01    0.6357018E+01    0.9477013E+01   -0.4570057E+05
       400    0.1000000E+00    0.6328731E+01    0.9440866E+01   -0.4584770E+05
       400    0.1000000E+00    0.6409247E+01    0.9534758E+01   -0.4593830E+05
       500    0.1250000E+00    0.6368415E+01    0.9512589E+01   -0.4612516E+05
       500    0.1250000E+00    0.6445496E+01    0.9630476E+01   -0.4633193E+05
       600    0.1500000E+00    0.6443230E+01    0.9589749E+01   -0.4642331E+05
       600    0.1500000E+00    0.6435338E+01    0.9728474E+01   -0.4674229E+05
       700    0.1750000E+00    0.6440187E+01    0.9687973E+01   -0.4686377E+05
       700    0.1750000E+00    0.6483025E+01    0.9781822E+01   -0.4691955E+05
       800    0.2000000E+00    0.6425089E+01    0.9781266E+01   -0.4725409E+05
       800    0.2000000E+00    0.6562228E+01    0.9848880E+01   -0.4715702E+05
       900    0.2250000E+00    0.6519420E+01    0.9834898E+01   -0.4740122E+05
       900    0.2250000E+00    0.6578588E+01    0.9977713E+01   -0.4772289E+05
      1000    0.2500000E+00    0.6572439E+01    0.9898742E+01   -0.4765727E+05
      1000    0.2500000E+00    0.6564558E+01    0.1008941E+02   -0.4820570E+05
      1100    0.2750000E+00    0.6543763E+01    0.1003607E+02   -0.4828020E+05
      1100    0.2750000E+00    0.6632820E+01    0.1012020E+02   -0.4827643E+05
      1200    0.3000000E+00    0.6584688E+01    0.1010182E+02   -0.4849947E+05
      1200    0.3000000E+00    0.6708108E+01    0.1016244E+02   -0.4839500E+05
      1300    0.3250000E+00    0.6671937E+01    0.1011640E+02   -0.4849405E+05
      1300    0.3250000E+00    0.6655440E+01    0.1028794E+02   -0.4899194E+05
      1400    0.3500000E+00    0.6667458E+01    0.1022777E+02   -0.4897400E+05
      1400    0.3500000E+00    0.6706877E+01    0.1037216E+02   -0.4933211E+05
      1500    0.3750000E+00    0.6658950E+01    0.1032477E+02   -0.4941956E+05
      1500    0.3750000E+00    0.6803314E+01    0.1040040E+02   -0.4937030E+05
      1600    0.4000000E+00    0.6768172E+01    0.1039979E+02   -0.4967353E+05
      1600    0.4000000E+00    0.6771937E+01    0.1052010E+02   -0.4990149E+05
      1700    0.4250000E+00    0.6759021E+01    0.1043901E+02   -0.4980452E+05
      1700    0.4250000E+00    0.6789701E+01    0.1060520E+02   -0.5028106E+05
      1800    0.4500000E+00    0.6785254E+01    0.1053489E+02   -0.5020619E+05
      1800    0.4500000E+00    0.6885942E+01    0.1065690E+02   -0.5047199E+05
      1900    0.4750000E+00    0.6834989E+01    0.1064518E+02   -0.5069039E+05
      1900    0.4750000E+00    0.6893679E+01    0.1073783E+02   -0.5081228E+05
      2000    0.5000000E+00    0.6880598E+01    0.1076006E+02   -0.5114595E+05
      2000    0.5000000E+00    0.6897127E+01    0.1081372E+02   -0.5112073E+05
      2100    0.5250000E+00    0.6937369E+01    0.1083959E+02   -0.5146801E+05
      2100    0.5250000E+00    0.6969360E+01    0.1086850E+02   -0.5130870E+05
      2200    0.5500000E+00    0.6963114E+01    0.1092599E+02   -0.5183484E+05
      2200    0.5500000E+00    0.6963521E+01    0.1095383E+02   -0.5167250E+05
      2300    0.5750000E+00    0.7021386E+01    0.1099383E+02   -0.5210295E+05
      2300    0.5750000E+00    0.6996581E+01    0.1103033E+02   -0.5196566E+05
      2400    0.6000000E+00    0.7003819E+01    0.1109479E+02   -0.5250060E+05
      2400    0.6000000E+00    0.7077091E+01    0.1108009E+02   -0.5212575E+05
      2500    0.6250000E+00    0.7074311E+01    0.1119269E+02   -0.5290487E+05
      2500    0.6250000E+00    0.7055629E+01    0.1116779E+02   -0.5252535E+05
      2600    0.6500000E+00    0.7177707E+01    0.1126595E+02   -0.5317268E+05
      2600    0.6500000E+00    0.7038289E+01    0.1126692E+02   -0.5295940E+05
      2700    0.6750000E+00    0.7110902E+01    0.1141805E+02   -0.5384675E+05
      2700    0.6750000E+00    0.7157290E+01    0.1126916E+02   -0.5290573E+05
      2800    0.7000000E+00    0.7175887E+01    0.1143112E+02   -0.5382291E+05
      2800    0.7000000E+00    0.7124931E+01    0.1135272E+02   -0.5326126E+05
      2900    0.7250000E+00    0.7295373E+01    0.1145738E+02   -0.5386518E+05
      2900    0.7250000E+00    0.7166562E+01    0.1142179E+02   -0.5348748E+05
      3000    0.7500000E+00    0.7203281E+01    0.1162229E+02   -0.5464812E+05
      3000    0.7500000E+00    0.7209487E+01    0.1147496E+02   -0.5366635E+05
      3100    0.7750000E+00    0.7262111E+01    0.1170614E+02   -0.5502217E+05
      3100    0.7750000E+00    0.7171017E+01    0.1161503E+02   -0.5426901E+05
      3200    0.8000000E+00    0.7364341E+01    0.1170282E+02   -0.5490852E+05
      3200    0.8000000E+00    0.7258821E+01    0.1167731E+02   -0.5449061E+05
      3300    0.8250000E+00    0.7359326E+01    0.1180195E+02   -0.5536067E+05
      3300    0.8250000E+00    0.7326611E+01    0.1173786E+02   -0.5471707E+05
      3400    0.8500000E+00    0.7325380E+01    0.1193627E+02   -0.5597326E+05
      3400    0.8500000E+00    0.7264552E+01    0.1186429E+02   -0.5526197E+05
      3500    0.8750000E+00    0.7388372E+01    0.1196321E+02   -0.5601501E+05
      3500    0.8750000E+00    0.7363579E+01    0.1190040E+02   -0.5535800E+05
      3600    0.9000000E+00    0.7528844E+01    0.1199813E+02   -0.5607239E+05
      3600    0.9000000E+00    0.7408971E+01    0.1197507E+02   -0.5562650E+05
      3700    0.9250000E+00    0.7429957E+01    0.1215468E+02   -0.5677440E+05
      3700    0.9250000E+00    0.7365149E+01    0.1207315E+02   -0.5604313E+05
      3800    0.9500000E+00    0.7475556E+01    0.1222143E+02   -0.5702014E+05
      3800    0.9500000E+00    0.7466825E+01    0.1214002E+02   -0.5626197E+05
      3900    0.9750000E+00    0.7643980E+01    0.1226940E+02   -0.5715575E+05
      3900    0.9750000E+00    0.7423534E+01    0.1218217E+02   -0.5644652E+05
      4000    0.1000000E+01    0.7536493E+01    0.1241698E+02   -0.5789069E+05
      4000    0.1000000E+01    0.7484285E+01    0.1225251E+02   -0.5670810E+05
