  sim.turn     t(hours)        N1_macro    N1_real        NlostLum1     Sum   NlostDebunch1  Sum   NLostBet1   Sum   NlostMom1     Sum     N2_macro     N2_real     NlostLum2     Sum   NlostDebunch2  SumNLostBet2   Sum   NlostMom2     Sum
  -----------------------------------------------------------------------------------------------------------------------------------------------------------------------------------------------------------------------------------------------
         0    0.0000000E+00    100000    0.7000000E+08         0         0         0         0         0         0         0         0    100000    0.7000000E+08         0         0         0         0         0         0         0         0
       100    0.4940124E-01     99440    0.6960800E+08       560       560         0         0         0         0         0         0     99422    0.6960800E+08       578       578         0         0         0         0         0         0
       200    0.9880248E-01     98902    0.6923140E+08       538      1098         0         0         0         0         0         0     98900    0.6923140E+08       522      1100         0         0         0         0         0         0
       300    0.1482037E+00     98392    0.6887440E+08       494      1592        16        16         0         0         0         0     98326    0.6887440E+08       566      1666         8         8         0         0         0         0
       400    0.1976050E+00     97863    0.6850410E+08       515      2107        14        30         0         0         0         0     97709    0.6850410E+08       597      2263        20        28         0         0         0         0
       500    0.2470062E+00     97343    0.6814010E+08       505      2612        15        45         0         0         0         0     97138    0.6814010E+08       556      2819        15        43         0         0         0         0
       600    0.2964074E+00     96765    0.6773550E+08       557      3169        21        66         0         0         0         0     96607    0.6773550E+08       514      3333        17        60         0         0         0         0
       700    0.3458087E+00     96232    0.6736240E+08       519      3688        14        80         0         0         0         0     96031    0.6736240E+08       558      3891        18        78         0         0         0         0
       800    0.3952099E+00     95686    0.6698020E+08       536      4224        10        90         0         0         0         0     95538    0.6698020E+08       481      4372        12        90         0         0         0         0
       900    0.4446112E+00     95148    0.6660360E+08       523      4747        15       105         0         0         0         0     95027    0.6660360E+08       508      4880         3        93         0         0         0         0
      1000    0.4940124E+00     94641    0.6624870E+08       498      5245         9       114         0         0         0         0     94519    0.6624870E+08       490      5370        18       111         0         0         0         0
      1100    0.5434136E+00     94112    0.6587840E+08       516      5761        13       127         0         0         0         0     94019    0.6587840E+08       487      5857        13       124         0         0         0         0
      1200    0.5928149E+00     93596    0.6551720E+08       507      6268         9       136         0         0         0         0     93561    0.6551720E+08       441      6298        17       141         0         0         0         0
      1300    0.6422161E+00     93083    0.6515810E+08       503      6771        10       146         0         0         0         0     93063    0.6515810E+08       490      6788         8       149         0         0         0         0
      1400    0.6916174E+00     92603    0.6482210E+08       469      7240        11       157         0         0         0         0     92562    0.6482210E+08       487      7275        14       163         0         0         0         0
      1500    0.7410187E+00     92129    0.6449030E+08       465      7705         9       166         0         0         0         0     92089    0.6449030E+08       463      7738        10       173         0         0         0         0
      1600    0.7904198E+00     91639    0.6414730E+08       481      8186         9       175         0         0         0         0     91620    0.6414730E+08       462      8200         7       180         0         0         0         0
      1700    0.8398211E+00     91156    0.6380920E+08       478      8664         5       180         0         0         0         0     91163    0.6380920E+08       452      8652         5       185         0         0         0         0
      1800    0.8892224E+00     90684    0.6347880E+08       465      9129         7       187         0         0         0         0     90691    0.6347880E+08       467      9119         5       190         0         0         0         0
      1900    0.9386235E+00     90202    0.6314140E+08       476      9605         6       193         0         0         0         0     90234    0.6314140E+08       451      9570         6       196         0         0         0         0
      2000    0.9880248E+00     89715    0.6280050E+08       483     10088         4       197         0         0         0         0     89778    0.6280050E+08       449     10019         7       203         0         0         0         0
      2100    0.1037426E+01     89269    0.6248830E+08       439     10527         7       204         0         0         0         0     89282    0.6248830E+08       489     10508         7       210         0         0         0         0
      2200    0.1086827E+01     88831    0.6218170E+08       431     10958         7       211         0         0         0         0     88829    0.6218170E+08       450     10958         3       213         0         0         0         0
      2300    0.1136229E+01     88343    0.6184010E+08       481     11439         7       218         0         0         0         0     88353    0.6184010E+08       470     11428         6       219         0         0         0         0
      2400    0.1185630E+01     87896    0.6152720E+08       444     11883         3       221         0         0         0         0     87968    0.6152720E+08       382     11810         3       222         0         0         0         0
      2500    0.1235031E+01     87468    0.6122760E+08       425     12308         3       224         0         0         0         0     87546    0.6122760E+08       413     12223         9       231         0         0         0         0
      2600    0.1284432E+01     86993    0.6089510E+08       474     12782         1       225         0         0         0         0     87109    0.6089510E+08       432     12655         5       236         0         0         0         0
      2700    0.1333834E+01     86554    0.6058780E+08       433     13215         6       231         0         0         0         0     86681    0.6058780E+08       425     13080         3       239         0         0         0         0
      2800    0.1383235E+01     86147    0.6030290E+08       403     13618         4       235         0         0         0         0     86274    0.6030290E+08       402     13482         5       244         0         0         0         0
      2900    0.1432636E+01     85711    0.5999770E+08       433     14051         3       238         0         0         0         0     85818    0.5999770E+08       449     13931         7       251         0         0         0         0
      3000    0.1482037E+01     85307    0.5971490E+08       395     14446         9       247         0         0         0         0     85376    0.5971490E+08       437     14368         5       256         0         0         0         0
      3100    0.1531438E+01     84844    0.5939080E+08       457     14903         6       253         0         0         0         0     84926    0.5939080E+08       443     14811         7       263         0         0         0         0
      3200    0.1580840E+01     84441    0.5910870E+08       397     15300         6       259         0         0         0         0     84520    0.5910870E+08       399     15210         7       270         0         0         0         0
      3300    0.1630241E+01     84009    0.5880630E+08       429     15729         3       262         0         0         0         0     84124    0.5880630E+08       392     15602         4       274         0         0         0         0
      3400    0.1679642E+01     83609    0.5852630E+08       398     16127         2       264         0         0         0         0     83724    0.5852630E+08       400     16002         0       274         0         0         0         0
      3500    0.1729043E+01     83232    0.5826240E+08       373     16500         4       268         0         0         0         0     83280    0.5826240E+08       439     16441         5       279         0         0         0         0
      3600    0.1778445E+01     82834    0.5798380E+08       394     16894         4       272         0         0         0         0     82868    0.5798380E+08       410     16851         2       281         0         0         0         0
      3700    0.1827846E+01     82444    0.5771080E+08       383     17277         7       279         0         0         0         0     82473    0.5771080E+08       393     17244         2       283         0         0         0         0
      3800    0.1877247E+01     82085    0.5745950E+08       353     17630         6       285         0         0         0         0     82090    0.5745950E+08       381     17625         2       285         0         0         0         0
      3900    0.1926648E+01     81704    0.5719280E+08       377     18007         4       289         0         0         0         0     81734    0.5719280E+08       354     17979         2       287         0         0         0         0
      4000    0.1976050E+01     81339    0.5693730E+08       362     18369         3       292         0         0         0         0     81322    0.5693730E+08       407     18386         5       292         0         0         0         0
      4100    0.2025451E+01     80950    0.5666500E+08       388     18757         1       293         0         0         0         0     80953    0.5666500E+08       364     18750         5       297         0         0         0         0
      4200    0.2074852E+01     80578    0.5640460E+08       370     19127         2       295         0         0         0         0     80575    0.5640460E+08       373     19123         5       302         0         0         0         0
      4300    0.2124253E+01     80192    0.5613440E+08       378     19505         8       303         0         0         0         0     80201    0.5613440E+08       372     19495         2       304         0         0         0         0
      4400    0.2173655E+01     79824    0.5587680E+08       366     19871         2       305         0         0         0         0     79823    0.5587680E+08       375     19870         3       307         0         0         0         0
      4500    0.2223056E+01     79473    0.5563110E+08       349     20220         2       307         0         0         0         0     79455    0.5563110E+08       366     20236         2       309         0         0         0         0
      4600    0.2272457E+01     79085    0.5535950E+08       386     20606         2       309         0         0         0         0     79099    0.5535950E+08       351     20587         5       314         0         0         0         0
      4700    0.2321858E+01     78701    0.5509070E+08       375     20981         9       318         0         0         0         0     78744    0.5509070E+08       354     20941         1       315         0         0         0         0
      4800    0.2371259E+01     78336    0.5483520E+08       362     21343         3       321         0         0         0         0     78394    0.5483520E+08       347     21288         3       318         0         0         0         0
      4900    0.2420661E+01     77999    0.5459930E+08       334     21677         3       324         0         0         0         0     78059    0.5459930E+08       329     21617         6       324         0         0         0         0
      5000    0.2470062E+01     77657    0.5435990E+08       340     22017         2       326         0         0         0         0     77682    0.5435990E+08       376     21993         1       325         0         0         0         0
      5100    0.2519463E+01     77300    0.5411000E+08       357     22374         0       326         0         0         0         0     77333    0.5411000E+08       348     22341         1       326         0         0         0         0
      5200    0.2568864E+01     76960    0.5387200E+08       340     22714         0       326         0         0         0         0     76987    0.5387200E+08       346     22687         0       326         0         0         0         0
      5300    0.2618266E+01     76619    0.5363330E+08       338     23052         3       329         0         0         0         0     76665    0.5363330E+08       320     23007         2       328         0         0         0         0
      5400    0.2667667E+01     76277    0.5339390E+08       339     23391         3       332         0         0         0         0     76318    0.5339390E+08       342     23349         5       333         0         0         0         0
      5500    0.2717068E+01     75930    0.5315100E+08       345     23736         2       334         0         0         0         0     75966    0.5315100E+08       351     23700         1       334         0         0         0         0
      5600    0.2766469E+01     75605    0.5292350E+08       324     24060         1       335         0         0         0         0     75631    0.5292350E+08       334     24034         1       335         0         0         0         0
      5700    0.2815871E+01     75283    0.5269810E+08       318     24378         4       339         0         0         0         0     75309    0.5269810E+08       320     24354         2       337         0         0         0         0
      5800    0.2865272E+01     74938    0.5245660E+08       345     24723         0       339         0         0         0         0     75008    0.5245660E+08       298     24652         3       340         0         0         0         0
      5900    0.2914673E+01     74630    0.5224100E+08       306     25029         2       341         0         0         0         0     74665    0.5224100E+08       339     24991         4       344         0         0         0         0
      6000    0.2964075E+01     74312    0.5201840E+08       315     25344         3       344         0         0         0         0     74380    0.5201840E+08       284     25275         1       345         0         0         0         0
      6100    0.3013476E+01     73947    0.5176290E+08       364     25708         1       345         0         0         0         0     74093    0.5176290E+08       285     25560         2       347         0         0         0         0
      6200    0.3062877E+01     73621    0.5153470E+08       323     26031         3       348         0         0         0         0     73749    0.5153470E+08       342     25902         2       349         0         0         0         0
      6300    0.3112278E+01     73297    0.5130790E+08       324     26355         0       348         0         0         0         0     73414    0.5130790E+08       334     26236         1       350         0         0         0         0
      6400    0.3161679E+01     72958    0.5107060E+08       337     26692         2       350         0         0         0         0     73097    0.5107060E+08       316     26552         1       351         0         0         0         0
      6500    0.3211081E+01     72661    0.5086270E+08       296     26988         1       351         0         0         0         0     72777    0.5086270E+08       317     26869         3       354         0         0         0         0
      6600    0.3260482E+01     72336    0.5063520E+08       323     27311         2       353         0         0         0         0     72446    0.5063520E+08       330     27199         1       355         0         0         0         0
      6700    0.3309883E+01     72020    0.5041400E+08       313     27624         3       356         0         0         0         0     72132    0.5041400E+08       312     27511         2       357         0         0         0         0
      6800    0.3359284E+01     71742    0.5021940E+08       278     27902         0       356         0         0         0         0     71815    0.5021940E+08       314     27825         3       360         0         0         0         0
      6900    0.3408686E+01     71442    0.5000940E+08       299     28201         1       357         0         0         0         0     71503    0.5000940E+08       310     28135         2       362         0         0         0         0
      7000    0.3458087E+01     71140    0.4979800E+08       301     28502         1       358         0         0         0         0     71188    0.4979800E+08       314     28449         1       363         0         0         0         0
      7100    0.3507488E+01     70846    0.4959220E+08       293     28795         1       359         0         0         0         0     70883    0.4959220E+08       303     28752         2       365         0         0         0         0
      7200    0.3556890E+01     70546    0.4938220E+08       298     29093         2       361         0         0         0         0     70605    0.4938220E+08       276     29028         2       367         0         0         0         0
      7300    0.3606291E+01     70275    0.4919250E+08       268     29361         3       364         0         0         0         0     70314    0.4919250E+08       289     29317         2       369         0         0         0         0
      7400    0.3655692E+01     69981    0.4898670E+08       293     29654         1       365         0         0         0         0     70064    0.4898670E+08       249     29566         1       370         0         0         0         0
      7500    0.3705093E+01     69708    0.4879560E+08       272     29926         1       366         0         0         0         0     69755    0.4879560E+08       307     29873         2       372         0         0         0         0
      7600    0.3754494E+01     69406    0.4858420E+08       301     30227         1       367         0         0         0         0     69475    0.4858420E+08       277     30150         3       375         0         0         0         0
      7700    0.3803895E+01     69112    0.4837840E+08       293     30520         1       368         0         0         0         0     69168    0.4837840E+08       306     30456         1       376         0         0         0         0
      7800    0.3853297E+01     68826    0.4817820E+08       286     30806         0       368         0         0         0         0     68895    0.4817820E+08       271     30727         2       378         0         0         0         0
      7900    0.3902698E+01     68560    0.4799200E+08       264     31070         2       370         0         0         0         0     68612    0.4799200E+08       283     31010         0       378         0         0         0         0
      8000    0.3952099E+01     68317    0.4782190E+08       242     31312         1       371         0         0         0         0     68332    0.4782190E+08       279     31289         1       379         0         0         0         0
      8100    0.4001501E+01     68050    0.4763500E+08       267     31579         0       371         0         0         0         0     68059    0.4763500E+08       270     31559         3       382         0         0         0         0
      8200    0.4050902E+01     67784    0.4744880E+08       265     31844         1       372         0         0         0         0     67786    0.4744880E+08       271     31830         2       384         0         0         0         0
      8300    0.4100303E+01     67527    0.4726890E+08       256     32100         1       373         0         0         0         0     67520    0.4726890E+08       265     32095         1       385         0         0         0         0
      8400    0.4149704E+01     67270    0.4708900E+08       255     32355         2       375         0         0         0         0     67239    0.4708900E+08       279     32374         2       387         0         0         0         0
      8500    0.4199106E+01     66976    0.4688320E+08       292     32647         2       377         0         0         0         0     66975    0.4688320E+08       264     32638         0       387         0         0         0         0
      8600    0.4248507E+01     66705    0.4669350E+08       268     32915         3       380         0         0         0         0     66688    0.4669350E+08       287     32925         0       387         0         0         0         0
      8700    0.4297908E+01     66446    0.4651220E+08       259     33174         0       380         0         0         0         0     66421    0.4651220E+08       266     33191         1       388         0         0         0         0
      8800    0.4347309E+01     66173    0.4632110E+08       273     33447         0       380         0         0         0         0     66136    0.4632110E+08       283     33474         2       390         0         0         0         0
      8900    0.4396710E+01     65905    0.4613350E+08       268     33715         0       380         0         0         0         0     65869    0.4613350E+08       267     33741         0       390         0         0         0         0
      9000    0.4446112E+01     65622    0.4593540E+08       283     33998         0       380         0         0         0         0     65594    0.4593540E+08       274     34015         1       391         0         0         0         0
      9100    0.4495513E+01     65329    0.4573030E+08       292     34290         1       381         0         0         0         0     65309    0.4573030E+08       285     34300         0       391         0         0         0         0
      9200    0.4544914E+01     65102    0.4557140E+08       226     34516         1       382         0         0         0         0     65062    0.4557140E+08       246     34546         1       392         0         0         0         0
      9300    0.4594316E+01     64863    0.4540410E+08       239     34755         0       382         0         0         0         0     64803    0.4540410E+08       258     34804         1       393         0         0         0         0
      9400    0.4643717E+01     64589    0.4521230E+08       274     35029         0       382         0         0         0         0     64515    0.4521230E+08       288     35092         0       393         0         0         0         0
      9500    0.4693118E+01     64336    0.4503520E+08       253     35282         0       382         0         0         0         0     64223    0.4503520E+08       291     35383         1       394         0         0         0         0
      9600    0.4742519E+01     64114    0.4487980E+08       219     35501         3       385         0         0         0         0     63988    0.4487980E+08       235     35618         0       394         0         0         0         0
      9700    0.4791921E+01     63854    0.4469780E+08       259     35760         1       386         0         0         0         0     63740    0.4469780E+08       248     35866         0       394         0         0         0         0
      9800    0.4841321E+01     63595    0.4451650E+08       258     36018         1       387         0         0         0         0     63511    0.4451650E+08       227     36093         2       396         0         0         0         0
      9900    0.4890723E+01     63353    0.4434710E+08       240     36258         2       389         0         0         0         0     63276    0.4434710E+08       234     36327         1       397         0         0         0         0
     10000    0.4940124E+01     63112    0.4417840E+08       241     36499         0       389         0         0         0         0     63013    0.4417840E+08       262     36589         1       398         0         0         0         0
     10100    0.4989525E+01     62858    0.4400060E+08       252     36751         2       391         0         0         0         0     62751    0.4400060E+08       260     36849         2       400         0         0         0         0
     10200    0.5038927E+01     62600    0.4382000E+08       257     37008         1       392         0         0         0         0     62504    0.4382000E+08       247     37096         0       400         0         0         0         0
     10300    0.5088327E+01     62384    0.4366880E+08       215     37223         1       393         0         0         0         0     62282    0.4366880E+08       221     37317         1       401         0         0         0         0
     10400    0.5137729E+01     62135    0.4349450E+08       249     37472         0       393         0         0         0         0     62007    0.4349450E+08       274     37591         1       402         0         0         0         0
     10500    0.5187130E+01     61910    0.4333700E+08       223     37695         2       395         0         0         0         0     61764    0.4333700E+08       243     37834         0       402         0         0         0         0
     10600    0.5236531E+01     61698    0.4318860E+08       212     37907         0       395         0         0         0         0     61523    0.4318860E+08       241     38075         0       402         0         0         0         0
     10700    0.5285933E+01     61457    0.4301990E+08       240     38147         1       396         0         0         0         0     61290    0.4301990E+08       233     38308         0       402         0         0         0         0
     10800    0.5335334E+01     61202    0.4284140E+08       255     38402         0       396         0         0         0         0     61051    0.4284140E+08       238     38546         1       403         0         0         0         0
     10900    0.5384736E+01     60954    0.4266780E+08       247     38649         1       397         0         0         0         0     60798    0.4266780E+08       252     38798         1       404         0         0         0         0
     11000    0.5434136E+01     60718    0.4250260E+08       236     38885         0       397         0         0         0         0     60577    0.4250260E+08       220     39018         1       405         0         0         0         0
     11100    0.5483538E+01     60476    0.4233320E+08       242     39127         0       397         0         0         0         0     60350    0.4233320E+08       226     39244         1       406         0         0         0         0
     11200    0.5532939E+01     60247    0.4217290E+08       229     39356         0       397         0         0         0         0     60143    0.4217290E+08       207     39451         0       406         0         0         0         0
     11300    0.5582340E+01     60019    0.4201330E+08       227     39583         1       398         0         0         0         0     59914    0.4201330E+08       229     39680         0       406         0         0         0         0
     11400    0.5631742E+01     59790    0.4185300E+08       229     39812         0       398         0         0         0         0     59672    0.4185300E+08       242     39922         0       406         0         0         0         0
     11500    0.5681142E+01     59566    0.4169620E+08       224     40036         0       398         0         0         0         0     59477    0.4169620E+08       194     40116         1       407         0         0         0         0
     11600    0.5730544E+01     59343    0.4154010E+08       223     40259         0       398         0         0         0         0     59254    0.4154010E+08       222     40338         1       408         0         0         0         0
     11700    0.5779945E+01     59098    0.4136860E+08       245     40504         0       398         0         0         0         0     59036    0.4136860E+08       218     40556         0       408         0         0         0         0
     11800    0.5829346E+01     58879    0.4121530E+08       217     40721         2       400         0         0         0         0     58799    0.4121530E+08       237     40793         0       408         0         0         0         0
     11900    0.5878748E+01     58673    0.4107110E+08       205     40926         1       401         0         0         0         0     58591    0.4107110E+08       207     41000         1       409         0         0         0         0
     12000    0.5928149E+01     58455    0.4091850E+08       218     41144         0       401         0         0         0         0     58406    0.4091850E+08       184     41184         1       410         0         0         0         0
     12100    0.5977551E+01     58262    0.4078340E+08       193     41337         0       401         0         0         0         0     58198    0.4078340E+08       208     41392         0       410         0         0         0         0
     12200    0.6026951E+01     58044    0.4063080E+08       217     41554         1       402         0         0         0         0     57975    0.4063080E+08       223     41615         0       410         0         0         0         0
     12300    0.6076353E+01     57824    0.4047680E+08       219     41773         1       403         0         0         0         0     57757    0.4047680E+08       218     41833         0       410         0         0         0         0
     12400    0.6125754E+01     57605    0.4032350E+08       218     41991         1       404         0         0         0         0     57516    0.4032350E+08       239     42072         2       412         0         0         0         0
     12500    0.6175155E+01     57403    0.4018210E+08       202     42193         0       404         0         0         0         0     57317    0.4018210E+08       199     42271         0       412         0         0         0         0
     12600    0.6224556E+01     57196    0.4003720E+08       207     42400         0       404         0         0         0         0     57105    0.4003720E+08       211     42482         1       413         0         0         0         0
     12700    0.6273957E+01     56971    0.3987970E+08       225     42625         0       404         0         0         0         0     56913    0.3987970E+08       192     42674         0       413         0         0         0         0
     12800    0.6323359E+01     56768    0.3973760E+08       202     42827         1       405         0         0         0         0     56701    0.3973760E+08       212     42886         0       413         0         0         0         0
     12900    0.6372760E+01     56563    0.3959410E+08       205     43032         0       405         0         0         0         0     56500    0.3959410E+08       201     43087         0       413         0         0         0         0
     13000    0.6422161E+01     56384    0.3946880E+08       177     43209         2       407         0         0         0         0     56271    0.3946880E+08       229     43316         0       413         0         0         0         0
     13100    0.6471562E+01     56154    0.3930780E+08       230     43439         0       407         0         0         0         0     56064    0.3930780E+08       207     43523         0       413         0         0         0         0
     13200    0.6520964E+01     55951    0.3916570E+08       203     43642         0       407         0         0         0         0     55859    0.3916570E+08       205     43728         0       413         0         0         0         0
     13300    0.6570365E+01     55738    0.3901660E+08       212     43854         1       408         0         0         0         0     55649    0.3901660E+08       210     43938         0       413         0         0         0         0
     13400    0.6619766E+01     55559    0.3889130E+08       179     44033         0       408         0         0         0         0     55446    0.3889130E+08       201     44139         2       415         0         0         0         0
     13500    0.6669168E+01     55347    0.3874290E+08       211     44244         1       409         0         0         0         0     55244    0.3874290E+08       202     44341         0       415         0         0         0         0
     13600    0.6718569E+01     55155    0.3860850E+08       191     44435         1       410         0         0         0         0     55027    0.3860850E+08       217     44558         0       415         0         0         0         0
     13700    0.6767970E+01     54939    0.3845730E+08       215     44650         1       411         0         0         0         0     54839    0.3845730E+08       188     44746         0       415         0         0         0         0
     13800    0.6817371E+01     54759    0.3833130E+08       180     44830         0       411         0         0         0         0     54651    0.3833130E+08       186     44932         2       417         0         0         0         0
     13900    0.6866772E+01     54568    0.3819760E+08       191     45021         0       411         0         0         0         0     54471    0.3819760E+08       180     45112         0       417         0         0         0         0
     14000    0.6916173E+01     54380    0.3806600E+08       185     45206         3       414         0         0         0         0     54283    0.3806600E+08       188     45300         0       417         0         0         0         0
     14100    0.6965575E+01     54194    0.3793580E+08       186     45392         0       414         0         0         0         0     54089    0.3793580E+08       193     45493         1       418         0         0         0         0
     14200    0.7014976E+01     53979    0.3778530E+08       214     45606         1       415         0         0         0         0     53902    0.3778530E+08       187     45680         0       418         0         0         0         0
     14300    0.7064377E+01     53784    0.3764880E+08       194     45800         1       416         0         0         0         0     53714    0.3764880E+08       187     45867         1       419         0         0         0         0
     14400    0.7113779E+01     53582    0.3750740E+08       202     46002         0       416         0         0         0         0     53507    0.3750740E+08       206     46073         1       420         0         0         0         0
     14500    0.7163180E+01     53404    0.3738280E+08       178     46180         0       416         0         0         0         0     53323    0.3738280E+08       182     46255         2       422         0         0         0         0
     14600    0.7212581E+01     53240    0.3726800E+08       164     46344         0       416         0         0         0         0     53155    0.3726800E+08       168     46423         0       422         0         0         0         0
     14700    0.7261982E+01     53064    0.3714480E+08       176     46520         0       416         0         0         0         0     52978    0.3714480E+08       176     46599         1       423         0         0         0         0
     14800    0.7311384E+01     52891    0.3702370E+08       173     46693         0       416         0         0         0         0     52785    0.3702370E+08       193     46792         0       423         0         0         0         0
     14900    0.7360785E+01     52703    0.3689210E+08       188     46881         0       416         0         0         0         0     52583    0.3689210E+08       202     46994         0       423         0         0         0         0
     15000    0.7410186E+01     52533    0.3677310E+08       170     47051         0       416         0         0         0         0     52402    0.3677310E+08       181     47175         0       423         0         0         0         0
     15100    0.7459587E+01     52346    0.3664220E+08       187     47238         0       416         0         0         0         0     52215    0.3664220E+08       187     47362         0       423         0         0         0         0
     15200    0.7508988E+01     52162    0.3651340E+08       184     47422         0       416         0         0         0         0     52034    0.3651340E+08       181     47543         0       423         0         0         0         0
     15300    0.7558390E+01     51980    0.3638600E+08       181     47603         1       417         0         0         0         0     51840    0.3638600E+08       194     47737         0       423         0         0         0         0
     15400    0.7607791E+01     51820    0.3627400E+08       160     47763         0       417         0         0         0         0     51662    0.3627400E+08       178     47915         0       423         0         0         0         0
     15500    0.7657192E+01     51648    0.3615360E+08       172     47935         0       417         0         0         0         0     51471    0.3615360E+08       191     48106         0       423         0         0         0         0
     15600    0.7706593E+01     51490    0.3604300E+08       158     48093         0       417         0         0         0         0     51288    0.3604300E+08       183     48289         0       423         0         0         0         0
     15700    0.7755995E+01     51318    0.3592260E+08       172     48265         0       417         0         0         0         0     51112    0.3592260E+08       176     48465         0       423         0         0         0         0
     15800    0.7805396E+01     51166    0.3581620E+08       152     48417         0       417         0         0         0         0     50950    0.3581620E+08       162     48627         0       423         0         0         0         0
     15900    0.7854797E+01     50996    0.3569720E+08       170     48587         0       417         0         0         0         0     50807    0.3569720E+08       143     48770         0       423         0         0         0         0
     16000    0.7904199E+01     50810    0.3556700E+08       186     48773         0       417         0         0         0         0     50625    0.3556700E+08       182     48952         0       423         0         0         0         0
     16100    0.7953600E+01     50648    0.3545360E+08       162     48935         0       417         0         0         0         0     50479    0.3545360E+08       146     49098         0       423         0         0         0         0
     16200    0.8003001E+01     50469    0.3532830E+08       179     49114         0       417         0         0         0         0     50317    0.3532830E+08       162     49260         0       423         0         0         0         0
     16300    0.8052402E+01     50289    0.3520230E+08       180     49294         0       417         0         0         0         0     50130    0.3520230E+08       187     49447         0       423         0         0         0         0
     16400    0.8101804E+01     50113    0.3507910E+08       175     49469         1       418         0         0         0         0     49979    0.3507910E+08       151     49598         0       423         0         0         0         0
     16500    0.8151204E+01     49962    0.3497340E+08       151     49620         0       418         0         0         0         0     49798    0.3497340E+08       181     49779         0       423         0         0         0         0
     16600    0.8200605E+01     49788    0.3485160E+08       174     49794         0       418         0         0         0         0     49644    0.3485160E+08       154     49933         0       423         0         0         0         0
     16700    0.8250007E+01     49636    0.3474520E+08       152     49946         0       418         0         0         0         0     49483    0.3474520E+08       161     50094         0       423         0         0         0         0
     16800    0.8299408E+01     49457    0.3461990E+08       178     50124         1       419         0         0         0         0     49300    0.3461990E+08       183     50277         0       423         0         0         0         0
     16900    0.8348810E+01     49285    0.3449950E+08       172     50296         0       419         0         0         0         0     49111    0.3449950E+08       189     50466         0       423         0         0         0         0
     17000    0.8398211E+01     49124    0.3438680E+08       161     50457         0       419         0         0         0         0     48971    0.3438680E+08       140     50606         0       423         0         0         0         0
     17100    0.8447613E+01     48966    0.3427620E+08       158     50615         0       419         0         0         0         0     48790    0.3427620E+08       181     50787         0       423         0         0         0         0
     17200    0.8497013E+01     48797    0.3415790E+08       169     50784         0       419         0         0         0         0     48609    0.3415790E+08       181     50968         0       423         0         0         0         0
     17300    0.8546414E+01     48615    0.3403050E+08       182     50966         0       419         0         0         0         0     48464    0.3403050E+08       145     51113         0       423         0         0         0         0
     17400    0.8595816E+01     48441    0.3390870E+08       174     51140         0       419         0         0         0         0     48310    0.3390870E+08       154     51267         0       423         0         0         0         0
     17500    0.8645217E+01     48273    0.3379110E+08       168     51308         0       419         0         0         0         0     48146    0.3379110E+08       164     51431         0       423         0         0         0         0
     17600    0.8694618E+01     48090    0.3366300E+08       182     51490         1       420         0         0         0         0     48005    0.3366300E+08       141     51572         0       423         0         0         0         0
     17700    0.8744020E+01     47914    0.3353980E+08       176     51666         0       420         0         0         0         0     47853    0.3353980E+08       152     51724         0       423         0         0         0         0
     17800    0.8793421E+01     47764    0.3343480E+08       150     51816         0       420         0         0         0         0     47695    0.3343480E+08       158     51882         0       423         0         0         0         0
     17900    0.8842822E+01     47609    0.3332630E+08       155     51971         0       420         0         0         0         0     47557    0.3332630E+08       138     52020         0       423         0         0         0         0
     18000    0.8892223E+01     47449    0.3321430E+08       160     52131         0       420         0         0         0         0     47410    0.3321430E+08       147     52167         0       423         0         0         0         0
     18100    0.8941625E+01     47313    0.3311910E+08       136     52267         0       420         0         0         0         0     47263    0.3311910E+08       147     52314         0       423         0         0         0         0
     18200    0.8991026E+01     47142    0.3299940E+08       171     52438         0       420         0         0         0         0     47113    0.3299940E+08       150     52464         0       423         0         0         0         0
     18300    0.9040427E+01     46985    0.3288950E+08       157     52595         0       420         0         0         0         0     46952    0.3288950E+08       160     52624         1       424         0         0         0         0
     18400    0.9089828E+01     46834    0.3278380E+08       149     52744         2       422         0         0         0         0     46793    0.3278380E+08       159     52783         0       424         0         0         0         0
     18500    0.9139230E+01     46686    0.3268020E+08       148     52892         0       422         0         0         0         0     46630    0.3268020E+08       163     52946         0       424         0         0         0         0
     18600    0.9188631E+01     46530    0.3257100E+08       156     53048         0       422         0         0         0         0     46486    0.3257100E+08       144     53090         0       424         0         0         0         0
     18700    0.9238032E+01     46382    0.3246740E+08       148     53196         0       422         0         0         0         0     46309    0.3246740E+08       177     53267         0       424         0         0         0         0
     18800    0.9287434E+01     46232    0.3236240E+08       148     53344         2       424         0         0         0         0     46184    0.3236240E+08       125     53392         0       424         0         0         0         0
     18900    0.9336834E+01     46100    0.3227000E+08       132     53476         0       424         0         0         0         0     46053    0.3227000E+08       130     53522         1       425         0         0         0         0
     19000    0.9386235E+01     45949    0.3216430E+08       151     53627         0       424         0         0         0         0     45915    0.3216430E+08       138     53660         0       425         0         0         0         0
     19100    0.9435637E+01     45804    0.3206280E+08       143     53770         2       426         0         0         0         0     45775    0.3206280E+08       140     53800         0       425         0         0         0         0
     19200    0.9485038E+01     45640    0.3194800E+08       163     53933         1       427         0         0         0         0     45631    0.3194800E+08       144     53944         0       425         0         0         0         0
     19300    0.9534439E+01     45483    0.3183810E+08       157     54090         0       427         0         0         0         0     45484    0.3183810E+08       147     54091         0       425         0         0         0         0
     19400    0.9583841E+01     45348    0.3174360E+08       135     54225         0       427         0         0         0         0     45325    0.3174360E+08       159     54250         0       425         0         0         0         0
     19500    0.9633242E+01     45225    0.3165750E+08       123     54348         0       427         0         0         0         0     45189    0.3165750E+08       136     54386         0       425         0         0         0         0
     19600    0.9682643E+01     45087    0.3156090E+08       138     54486         0       427         0         0         0         0     45050    0.3156090E+08       138     54524         1       426         0         0         0         0
     19700    0.9732044E+01     44926    0.3144820E+08       161     54647         0       427         0         0         0         0     44905    0.3144820E+08       145     54669         0       426         0         0         0         0
     19800    0.9781446E+01     44776    0.3134320E+08       150     54797         0       427         0         0         0         0     44757    0.3134320E+08       148     54817         0       426         0         0         0         0
     19900    0.9830847E+01     44633    0.3124310E+08       143     54940         0       427         0         0         0         0     44622    0.3124310E+08       134     54951         1       427         0         0         0         0
     20000    0.9880248E+01     44500    0.3115000E+08       132     55072         1       428         0         0         0         0     44496    0.3115000E+08       126     55077         0       427         0         0         0         0
