 sim.turn     t(hours)        L(cm^-2 s^-1)  reduction factor (hourglass,crossing angle) 
 ----------------------------------------------------------------------------------------
         0    0.0000000E+00    0.9984322E+27    0.9738328E+00
       100    0.4940124E-01    0.9876331E+27    0.9736984E+00
       200    0.9880248E-01    0.9776032E+27    0.9737864E+00
       300    0.1482037E+00    0.9673469E+27    0.9737995E+00
       400    0.1976050E+00    0.9565046E+27    0.9737774E+00
       500    0.2470062E+00    0.9464740E+27    0.9738923E+00
       600    0.2964074E+00    0.9362166E+27    0.9739153E+00
       700    0.3458087E+00    0.9257237E+27    0.9738532E+00
       800    0.3952099E+00    0.9161678E+27    0.9740199E+00
       900    0.4446112E+00    0.9064892E+27    0.9740849E+00
      1000    0.4940124E+00    0.8972177E+27    0.9739701E+00
      1100    0.5434136E+00    0.8880919E+27    0.9740261E+00
      1200    0.5928149E+00    0.8792941E+27    0.9741507E+00
      1300    0.6422161E+00    0.8701949E+27    0.9741366E+00
      1400    0.6916174E+00    0.8615618E+27    0.9740697E+00
      1500    0.7410187E+00    0.8533161E+27    0.9741430E+00
      1600    0.7904198E+00    0.8452371E+27    0.9742672E+00
      1700    0.8398211E+00    0.8369899E+27    0.9742573E+00
      1800    0.8892224E+00    0.8287465E+27    0.9741254E+00
      1900    0.9386235E+00    0.8210223E+27    0.9742823E+00
      2000    0.9880248E+00    0.8128725E+27    0.9743313E+00
      2100    0.1037426E+01    0.8047582E+27    0.9742224E+00
      2200    0.1086827E+01    0.7972640E+27    0.9743273E+00
      2300    0.1136229E+01    0.7891262E+27    0.9743081E+00
      2400    0.1185630E+01    0.7821531E+27    0.9742606E+00
      2500    0.1235031E+01    0.7755408E+27    0.9744904E+00
      2600    0.1284432E+01    0.7677091E+27    0.9743191E+00
      2700    0.1333834E+01    0.7605538E+27    0.9743277E+00
      2800    0.1383235E+01    0.7542636E+27    0.9745250E+00
      2900    0.1432636E+01    0.7469422E+27    0.9744115E+00
      3000    0.1482037E+01    0.7400604E+27    0.9743336E+00
      3100    0.1531438E+01    0.7328288E+27    0.9745713E+00
      3200    0.1580840E+01    0.7264574E+27    0.9745347E+00
      3300    0.1630241E+01    0.7198148E+27    0.9744414E+00
      3400    0.1679642E+01    0.7138244E+27    0.9746459E+00
      3500    0.1729043E+01    0.7072473E+27    0.9745795E+00
      3600    0.1778445E+01    0.7009936E+27    0.9745041E+00
      3700    0.1827846E+01    0.6952585E+27    0.9746908E+00
      3800    0.1877247E+01    0.6895513E+27    0.9746137E+00
      3900    0.1926648E+01    0.6840845E+27    0.9745703E+00
      4000    0.1976050E+01    0.6783992E+27    0.9747540E+00
      4100    0.2025451E+01    0.6725062E+27    0.9746673E+00
      4200    0.2074852E+01    0.6669899E+27    0.9746203E+00
      4300    0.2124253E+01    0.6614068E+27    0.9747846E+00
      4400    0.2173655E+01    0.6557378E+27    0.9747251E+00
      4500    0.2223056E+01    0.6502930E+27    0.9746994E+00
      4600    0.2272457E+01    0.6448887E+27    0.9748592E+00
      4700    0.2321858E+01    0.6394288E+27    0.9748307E+00
      4800    0.2371259E+01    0.6342576E+27    0.9747812E+00
      4900    0.2420661E+01    0.6294863E+27    0.9748918E+00
      5000    0.2470062E+01    0.6241263E+27    0.9749023E+00
      5100    0.2519463E+01    0.6189869E+27    0.9749484E+00
      5200    0.2568864E+01    0.6140780E+27    0.9749272E+00
      5300    0.2618266E+01    0.6094307E+27    0.9748421E+00
      5400    0.2667667E+01    0.6045831E+27    0.9750089E+00
      5500    0.2717068E+01    0.5995075E+27    0.9749764E+00
      5600    0.2766469E+01    0.5947866E+27    0.9748867E+00
      5700    0.2815871E+01    0.5905336E+27    0.9750411E+00
      5800    0.2865272E+01    0.5861219E+27    0.9750137E+00
      5900    0.2914673E+01    0.5815959E+27    0.9750354E+00
      6000    0.2964075E+01    0.5775176E+27    0.9751121E+00
      6100    0.3013476E+01    0.5729943E+27    0.9750249E+00
      6200    0.3062877E+01    0.5683973E+27    0.9751320E+00
      6300    0.3112278E+01    0.5638654E+27    0.9750841E+00
      6400    0.3161679E+01    0.5594656E+27    0.9750848E+00
      6500    0.3211081E+01    0.5553185E+27    0.9752090E+00
      6600    0.3260482E+01    0.5507154E+27    0.9750862E+00
      6700    0.3309883E+01    0.5467388E+27    0.9751953E+00
      6800    0.3359284E+01    0.5429173E+27    0.9752147E+00
      6900    0.3408686E+01    0.5387947E+27    0.9751884E+00
      7000    0.3458087E+01    0.5347806E+27    0.9753249E+00
      7100    0.3507488E+01    0.5308359E+27    0.9752148E+00
      7200    0.3556890E+01    0.5271521E+27    0.9752072E+00
      7300    0.3606291E+01    0.5237301E+27    0.9754274E+00
      7400    0.3655692E+01    0.5201055E+27    0.9752795E+00
      7500    0.3705093E+01    0.5163359E+27    0.9752992E+00
      7600    0.3754494E+01    0.5125757E+27    0.9754466E+00
      7700    0.3803895E+01    0.5087136E+27    0.9753446E+00
      7800    0.3853297E+01    0.5052758E+27    0.9753948E+00
      7900    0.3902698E+01    0.5018036E+27    0.9754571E+00
      8000    0.3952099E+01    0.4985307E+27    0.9753983E+00
      8100    0.4001501E+01    0.4952523E+27    0.9755012E+00
      8200    0.4050902E+01    0.4919852E+27    0.9755194E+00
      8300    0.4100303E+01    0.4886238E+27    0.9754779E+00
      8400    0.4149704E+01    0.4854187E+27    0.9754633E+00
      8500    0.4199106E+01    0.4821114E+27    0.9755365E+00
      8600    0.4248507E+01    0.4787350E+27    0.9755680E+00
      8700    0.4297908E+01    0.4753469E+27    0.9754163E+00
      8800    0.4347309E+01    0.4720398E+27    0.9756200E+00
      8900    0.4396710E+01    0.4689539E+27    0.9756116E+00
      9000    0.4446112E+01    0.4652812E+27    0.9754309E+00
      9100    0.4495513E+01    0.4617292E+27    0.9756964E+00
      9200    0.4544914E+01    0.4589677E+27    0.9756772E+00
      9300    0.4594316E+01    0.4558762E+27    0.9754730E+00
      9400    0.4643717E+01    0.4525433E+27    0.9757172E+00
      9500    0.4693118E+01    0.4493308E+27    0.9757092E+00
      9600    0.4742519E+01    0.4467795E+27    0.9756299E+00
      9700    0.4791921E+01    0.4437260E+27    0.9756993E+00
      9800    0.4841321E+01    0.4408252E+27    0.9756770E+00
      9900    0.4890723E+01    0.4379816E+27    0.9757529E+00
     10000    0.4940124E+01    0.4350307E+27    0.9757680E+00
     10100    0.4989525E+01    0.4319784E+27    0.9757054E+00
     10200    0.5038927E+01    0.4291853E+27    0.9757999E+00
     10300    0.5088327E+01    0.4266895E+27    0.9758224E+00
     10400    0.5137729E+01    0.4236965E+27    0.9757792E+00
     10500    0.5187130E+01    0.4212856E+27    0.9758133E+00
     10600    0.5236531E+01    0.4188682E+27    0.9758350E+00
     10700    0.5285933E+01    0.4159750E+27    0.9758121E+00
     10800    0.5335334E+01    0.4131570E+27    0.9758815E+00
     10900    0.5384736E+01    0.4102928E+27    0.9758930E+00
     11000    0.5434136E+01    0.4076315E+27    0.9758366E+00
     11100    0.5483538E+01    0.4050840E+27    0.9759523E+00
     11200    0.5532939E+01    0.4027332E+27    0.9759251E+00
     11300    0.5582340E+01    0.4002979E+27    0.9759011E+00
     11400    0.5631742E+01    0.3976942E+27    0.9759356E+00
     11500    0.5681142E+01    0.3954640E+27    0.9759378E+00
     11600    0.5730544E+01    0.3929811E+27    0.9760410E+00
     11700    0.5779945E+01    0.3902967E+27    0.9760622E+00
     11800    0.5829346E+01    0.3877476E+27    0.9759882E+00
     11900    0.5878748E+01    0.3855509E+27    0.9760599E+00
     12000    0.5928149E+01    0.3833255E+27    0.9760661E+00
     12100    0.5977551E+01    0.3812577E+27    0.9760725E+00
     12200    0.6026951E+01    0.3789764E+27    0.9761075E+00
     12300    0.6076353E+01    0.3765178E+27    0.9760462E+00
     12400    0.6125754E+01    0.3740432E+27    0.9761377E+00
     12500    0.6175155E+01    0.3720299E+27    0.9761624E+00
     12600    0.6224556E+01    0.3697115E+27    0.9760749E+00
     12700    0.6273957E+01    0.3675615E+27    0.9761488E+00
     12800    0.6323359E+01    0.3654943E+27    0.9761742E+00
     12900    0.6372760E+01    0.3633893E+27    0.9761385E+00
     13000    0.6422161E+01    0.3613007E+27    0.9761794E+00
     13100    0.6471562E+01    0.3588810E+27    0.9761726E+00
     13200    0.6520964E+01    0.3567444E+27    0.9762900E+00
     13300    0.6570365E+01    0.3545327E+27    0.9762208E+00
     13400    0.6619766E+01    0.3525540E+27    0.9761888E+00
     13500    0.6669168E+01    0.3504130E+27    0.9762941E+00
     13600    0.6718569E+01    0.3482154E+27    0.9762252E+00
     13700    0.6767970E+01    0.3460028E+27    0.9762703E+00
     13800    0.6817371E+01    0.3441911E+27    0.9762895E+00
     13900    0.6866772E+01    0.3421931E+27    0.9762657E+00
     14000    0.6916173E+01    0.3402296E+27    0.9763727E+00
     14100    0.6965575E+01    0.3381627E+27    0.9763169E+00
     14200    0.7014976E+01    0.3360753E+27    0.9763402E+00
     14300    0.7064377E+01    0.3340767E+27    0.9764095E+00
     14400    0.7113779E+01    0.3319734E+27    0.9763327E+00
     14500    0.7163180E+01    0.3301852E+27    0.9764422E+00
     14600    0.7212581E+01    0.3285969E+27    0.9763941E+00
     14700    0.7261982E+01    0.3269592E+27    0.9764138E+00
     14800    0.7311384E+01    0.3251355E+27    0.9764996E+00
     14900    0.7360785E+01    0.3230302E+27    0.9764110E+00
     15000    0.7410186E+01    0.3212743E+27    0.9764302E+00
     15100    0.7459587E+01    0.3195266E+27    0.9765159E+00
     15200    0.7508988E+01    0.3176761E+27    0.9764681E+00
     15300    0.7558390E+01    0.3157876E+27    0.9764395E+00
     15400    0.7607791E+01    0.3141052E+27    0.9765323E+00
     15500    0.7657192E+01    0.3121564E+27    0.9765846E+00
     15600    0.7706593E+01    0.3104071E+27    0.9765397E+00
     15700    0.7755995E+01    0.3086944E+27    0.9765431E+00
     15800    0.7805396E+01    0.3072530E+27    0.9766104E+00
     15900    0.7854797E+01    0.3057332E+27    0.9766105E+00
     16000    0.7904199E+01    0.3038891E+27    0.9766394E+00
     16100    0.7953600E+01    0.3025196E+27    0.9766175E+00
     16200    0.8003001E+01    0.3008072E+27    0.9765891E+00
     16300    0.8052402E+01    0.2991149E+27    0.9766245E+00
     16400    0.8101804E+01    0.2974964E+27    0.9766386E+00
     16500    0.8151204E+01    0.2960184E+27    0.9766266E+00
     16600    0.8200605E+01    0.2945177E+27    0.9766201E+00
     16700    0.8250007E+01    0.2932108E+27    0.9767075E+00
     16800    0.8299408E+01    0.2915128E+27    0.9767244E+00
     16900    0.8348810E+01    0.2896364E+27    0.9766343E+00
     17000    0.8398211E+01    0.2883084E+27    0.9767085E+00
     17100    0.8447613E+01    0.2867550E+27    0.9767855E+00
     17200    0.8497013E+01    0.2850286E+27    0.9766000E+00
     17300    0.8546414E+01    0.2835500E+27    0.9767568E+00
     17400    0.8595816E+01    0.2820494E+27    0.9768600E+00
     17500    0.8645217E+01    0.2804148E+27    0.9765902E+00
     17600    0.8694618E+01    0.2790173E+27    0.9768025E+00
     17700    0.8744020E+01    0.2775216E+27    0.9768674E+00
     17800    0.8793421E+01    0.2760351E+27    0.9765739E+00
     17900    0.8842822E+01    0.2748532E+27    0.9768299E+00
     18000    0.8892223E+01    0.2734481E+27    0.9768484E+00
     18100    0.8941625E+01    0.2721892E+27    0.9766614E+00
     18200    0.8991026E+01    0.2707036E+27    0.9768439E+00
     18300    0.9040427E+01    0.2692459E+27    0.9768474E+00
     18400    0.9089828E+01    0.2678577E+27    0.9767440E+00
     18500    0.9139230E+01    0.2664949E+27    0.9768752E+00
     18600    0.9188631E+01    0.2651477E+27    0.9768632E+00
     18700    0.9238032E+01    0.2635872E+27    0.9767625E+00
     18800    0.9287434E+01    0.2625599E+27    0.9769279E+00
     18900    0.9336834E+01    0.2615379E+27    0.9769070E+00
     19000    0.9386235E+01    0.2602866E+27    0.9768249E+00
     19100    0.9435637E+01    0.2590728E+27    0.9768780E+00
     19200    0.9485038E+01    0.2577710E+27    0.9769333E+00
     19300    0.9534439E+01    0.2563227E+27    0.9769246E+00
     19400    0.9583841E+01    0.2550085E+27    0.9768729E+00
     19500    0.9633242E+01    0.2540584E+27    0.9769964E+00
     19600    0.9682643E+01    0.2528464E+27    0.9769617E+00
     19700    0.9732044E+01    0.2514201E+27    0.9768925E+00
     19800    0.9781446E+01    0.2501175E+27    0.9770358E+00
     19900    0.9830847E+01    0.2488197E+27    0.9769090E+00
     20000    0.9880248E+01    0.2477672E+27    0.9769873E+00
