       100  7.25946E-08  6.63437E-08  4.94066-324  3.33143E-10  3.60111E-01  0.00000E+00  2.78020E+04  2.97870E+04  2.97870E+04
       200  7.25451E-08  6.65094E-08  0.00000E+00  3.31614E-10  3.61922E-01  0.00000E+00  2.76750E+04  2.96060E+04  2.96060E+04
       300  7.25049E-08  6.66369E-08  0.00000E+00  3.31342E-10  3.61412E-01  0.00000E+00  2.75270E+04  2.94160E+04  2.94160E+04
       400  7.24496E-08  6.68068E-08  0.00000E+00  3.31754E-10  3.60060E-01  0.00000E+00  2.72940E+04  2.91930E+04  2.91930E+04
       500  7.24318E-08  6.70037E-08  0.00000E+00  3.30101E-10  3.60377E-01  0.00000E+00  2.70750E+04  2.89610E+04  2.89610E+04
       600  7.24335E-08  6.71990E-08  0.00000E+00  3.28164E-10  3.61548E-01  0.00000E+00  2.69800E+04  2.87360E+04  2.87360E+04
       700  7.24291E-08  6.73556E-08  0.00000E+00  3.28651E-10  3.60003E-01  0.00000E+00  2.67500E+04  2.85230E+04  2.85230E+04
       800  7.23742E-08  6.75457E-08  0.00000E+00  3.29112E-10  3.58238E-01  0.00000E+00  2.65430E+04  2.83370E+04  2.83370E+04
       900  7.23135E-08  6.77467E-08  0.00000E+00  3.26384E-10  3.60534E-01  0.00000E+00  2.64410E+04  2.81480E+04  2.81480E+04
      1000  7.22819E-08  6.78620E-08  0.00000E+00  3.25484E-10  3.61129E-01  0.00000E+00  2.62940E+04  2.79690E+04  2.79690E+04
      1100  7.22249E-08  6.80098E-08  0.00000E+00  3.28075E-10  3.58142E-01  0.00000E+00  2.60420E+04  2.77820E+04  2.77820E+04
      1200  7.21355E-08  6.81943E-08  0.00000E+00  3.27185E-10  3.58564E-01  0.00000E+00  2.59180E+04  2.76340E+04  2.76340E+04
      1300  7.21078E-08  6.83211E-08  0.00000E+00  3.23650E-10  3.61119E-01  0.00000E+00  2.58550E+04  2.74550E+04  2.74550E+04
      1400  7.20489E-08  6.84732E-08  0.00000E+00  3.24934E-10  3.59348E-01  0.00000E+00  2.56430E+04  2.72840E+04  2.72840E+04
      1500  7.20173E-08  6.85532E-08  0.00000E+00  3.26341E-10  3.57546E-01  0.00000E+00  2.54550E+04  2.71240E+04  2.71240E+04
      1600  7.19818E-08  6.87643E-08  0.00000E+00  3.24085E-10  3.59794E-01  0.00000E+00  2.53890E+04  2.69260E+04  2.69260E+04
      1700  7.18837E-08  6.88534E-08  0.00000E+00  3.23285E-10  3.59074E-01  0.00000E+00  2.52330E+04  2.67670E+04  2.67670E+04
      1800  7.18581E-08  6.90253E-08  0.00000E+00  3.23354E-10  3.58529E-01  0.00000E+00  2.50330E+04  2.66020E+04  2.66020E+04
      1900  7.18706E-08  6.91521E-08  0.00000E+00  3.23515E-10  3.58295E-01  0.00000E+00  2.48990E+04  2.64160E+04  2.64160E+04
      2000  7.18096E-08  6.93668E-08  0.00000E+00  3.23667E-10  3.58131E-01  0.00000E+00  2.47460E+04  2.62440E+04  2.62440E+04
      2100  7.18226E-08  6.95348E-08  0.00000E+00  3.22642E-10  3.58620E-01  0.00000E+00  2.45930E+04  2.60860E+04  2.60860E+04
      2200  7.17959E-08  6.96439E-08  0.00000E+00  3.22642E-10  3.58168E-01  0.00000E+00  2.44780E+04  2.59270E+04  2.59270E+04
      2300  7.17678E-08  6.97514E-08  0.00000E+00  3.21613E-10  3.58816E-01  0.00000E+00  2.42900E+04  2.57570E+04  2.57570E+04
      2400  7.16605E-08  6.99254E-08  0.00000E+00  3.22498E-10  3.57174E-01  0.00000E+00  2.41670E+04  2.56110E+04  2.56110E+04
      2500  7.16636E-08  7.00842E-08  0.00000E+00  3.21976E-10  3.57763E-01  0.00000E+00  2.40310E+04  2.54530E+04  2.54530E+04
      2600  7.16222E-08  7.02202E-08  0.00000E+00  3.20546E-10  3.59631E-01  0.00000E+00  2.38920E+04  2.52930E+04  2.52930E+04
      2700  7.15525E-08  7.03787E-08  0.00000E+00  3.23251E-10  3.55776E-01  0.00000E+00  2.37060E+04  2.51250E+04  2.51250E+04
      2800  7.14459E-08  7.04515E-08  0.00000E+00  3.21235E-10  3.57523E-01  0.00000E+00  2.36310E+04  2.50050E+04  2.50050E+04
      2900  7.14114E-08  7.05679E-08  0.00000E+00  3.18166E-10  3.60375E-01  0.00000E+00  2.35530E+04  2.48530E+04  2.48530E+04
      3000  7.13940E-08  7.06696E-08  0.00000E+00  3.21825E-10  3.55654E-01  0.00000E+00  2.33110E+04  2.46910E+04  2.46910E+04
      3100  7.14190E-08  7.07413E-08  0.00000E+00  3.21442E-10  3.56018E-01  0.00000E+00  2.31440E+04  2.45400E+04  2.45400E+04
      3200  7.13937E-08  7.09004E-08  0.00000E+00  3.17485E-10  3.59108E-01  0.00000E+00  2.31590E+04  2.44090E+04  2.44090E+04
      3300  7.13622E-08  7.09573E-08  0.00000E+00  3.18593E-10  3.57539E-01  0.00000E+00  2.29850E+04  2.42700E+04  2.42700E+04
      3400  7.13172E-08  7.10331E-08  0.00000E+00  3.21191E-10  3.54781E-01  0.00000E+00  2.27760E+04  2.41440E+04  2.41440E+04
      3500  7.12502E-08  7.11598E-08  0.00000E+00  3.18892E-10  3.56246E-01  0.00000E+00  2.27740E+04  2.40070E+04  2.40070E+04
      3600  7.11795E-08  7.12894E-08  0.00000E+00  3.16316E-10  3.59542E-01  0.00000E+00  2.26510E+04  2.38810E+04  2.38810E+04
      3700  7.11071E-08  7.14206E-08  0.00000E+00  3.19909E-10  3.55039E-01  0.00000E+00  2.24670E+04  2.37680E+04  2.37680E+04
      3800  7.10633E-08  7.15417E-08  0.00000E+00  3.19000E-10  3.55426E-01  0.00000E+00  2.23870E+04  2.36320E+04  2.36320E+04
      3900  7.10820E-08  7.16899E-08  0.00000E+00  3.15967E-10  3.59233E-01  0.00000E+00  2.22870E+04  2.35010E+04  2.35010E+04
      4000  7.10861E-08  7.17153E-08  0.00000E+00  3.19344E-10  3.54438E-01  0.00000E+00  2.21080E+04  2.33510E+04  2.33510E+04
