       100  7.20363E-08  6.69503E-08  6.95333-310  3.32819E-10  3.61667E-01  2.35517-310  2.78310E+04  2.97830E+04  2.97830E+04
       200  7.19718E-08  6.70818E-08  0.00000E+00  3.32953E-10  3.62130E-01  0.00000E+00  2.76250E+04  2.95790E+04  2.95790E+04
       300  7.19528E-08  6.72800E-08  0.00000E+00  3.32335E-10  3.61471E-01  0.00000E+00  2.74110E+04  2.93560E+04  2.93560E+04
       400  7.19758E-08  6.74085E-08  0.00000E+00  3.30531E-10  3.62190E-01  0.00000E+00  2.72650E+04  2.91400E+04  2.91400E+04
       500  7.19260E-08  6.75837E-08  0.00000E+00  3.30688E-10  3.61808E-01  0.00000E+00  2.71000E+04  2.89420E+04  2.89420E+04
       600  7.18686E-08  6.77761E-08  0.00000E+00  3.31214E-10  3.60175E-01  0.00000E+00  2.68730E+04  2.87440E+04  2.87440E+04
       700  7.17904E-08  6.79144E-08  0.00000E+00  3.29579E-10  3.60915E-01  0.00000E+00  2.67110E+04  2.85420E+04  2.85420E+04
       800  7.17744E-08  6.81043E-08  0.00000E+00  3.27340E-10  3.62418E-01  0.00000E+00  2.65840E+04  2.83300E+04  2.83300E+04
       900  7.17418E-08  6.82790E-08  0.00000E+00  3.28793E-10  3.60934E-01  0.00000E+00  2.63820E+04  2.81430E+04  2.81430E+04
      1000  7.16862E-08  6.84418E-08  0.00000E+00  3.30205E-10  3.58868E-01  0.00000E+00  2.61690E+04  2.79600E+04  2.79600E+04
      1100  7.16480E-08  6.85912E-08  0.00000E+00  3.27353E-10  3.60625E-01  0.00000E+00  2.60740E+04  2.77760E+04  2.77760E+04
      1200  7.15941E-08  6.87449E-08  0.00000E+00  3.25034E-10  3.62359E-01  0.00000E+00  2.59410E+04  2.75950E+04  2.75950E+04
      1300  7.15579E-08  6.88089E-08  0.00000E+00  3.28170E-10  3.58787E-01  0.00000E+00  2.57290E+04  2.74410E+04  2.74410E+04
      1400  7.15205E-08  6.89491E-08  0.00000E+00  3.27693E-10  3.59080E-01  0.00000E+00  2.55810E+04  2.72610E+04  2.72610E+04
      1500  7.14637E-08  6.91090E-08  0.00000E+00  3.24534E-10  3.61653E-01  0.00000E+00  2.54700E+04  2.70870E+04  2.70870E+04
      1600  7.14630E-08  6.92924E-08  0.00000E+00  3.25789E-10  3.59155E-01  0.00000E+00  2.53180E+04  2.69170E+04  2.69170E+04
      1700  7.14737E-08  6.93994E-08  0.00000E+00  3.25951E-10  3.58386E-01  0.00000E+00  2.51370E+04  2.67560E+04  2.67560E+04
      1800  7.14296E-08  6.94586E-08  0.00000E+00  3.24297E-10  3.60330E-01  0.00000E+00  2.50130E+04  2.65780E+04  2.65780E+04
      1900  7.13852E-08  6.95645E-08  0.00000E+00  3.24582E-10  3.59335E-01  0.00000E+00  2.48630E+04  2.64190E+04  2.64190E+04
      2000  7.13173E-08  6.96772E-08  0.00000E+00  3.24769E-10  3.58418E-01  0.00000E+00  2.47600E+04  2.62660E+04  2.62660E+04
      2100  7.12599E-08  6.97949E-08  0.00000E+00  3.23370E-10  3.59704E-01  0.00000E+00  2.46220E+04  2.61130E+04  2.61130E+04
      2200  7.12250E-08  6.99124E-08  0.00000E+00  3.23855E-10  3.58411E-01  0.00000E+00  2.44720E+04  2.59650E+04  2.59650E+04
      2300  7.12009E-08  7.00838E-08  0.00000E+00  3.22988E-10  3.58433E-01  0.00000E+00  2.43590E+04  2.58090E+04  2.58090E+04
      2400  7.11640E-08  7.02110E-08  0.00000E+00  3.21329E-10  3.60115E-01  0.00000E+00  2.42490E+04  2.56740E+04  2.56740E+04
      2500  7.11194E-08  7.02647E-08  0.00000E+00  3.22681E-10  3.58151E-01  0.00000E+00  2.40570E+04  2.55310E+04  2.55310E+04
      2600  7.10928E-08  7.03794E-08  0.00000E+00  3.23594E-10  3.56375E-01  0.00000E+00  2.39610E+04  2.53870E+04  2.53870E+04
      2700  7.10138E-08  7.03976E-08  0.00000E+00  3.20740E-10  3.59492E-01  0.00000E+00  2.38280E+04  2.52380E+04  2.52380E+04
      2800  7.09471E-08  7.04870E-08  0.00000E+00  3.21763E-10  3.57520E-01  0.00000E+00  2.36960E+04  2.51110E+04  2.51110E+04
      2900  7.08634E-08  7.06679E-08  0.00000E+00  3.20748E-10  3.57944E-01  0.00000E+00  2.35980E+04  2.49680E+04  2.49680E+04
      3000  7.07872E-08  7.07732E-08  0.00000E+00  3.19509E-10  3.58474E-01  0.00000E+00  2.34430E+04  2.48110E+04  2.48110E+04
      3100  7.07450E-08  7.09637E-08  0.00000E+00  3.21378E-10  3.55723E-01  0.00000E+00  2.32960E+04  2.46620E+04  2.46620E+04
      3200  7.07262E-08  7.10915E-08  0.00000E+00  3.19746E-10  3.57273E-01  0.00000E+00  2.32320E+04  2.45240E+04  2.45240E+04
      3300  7.07061E-08  7.12087E-08  0.00000E+00  3.18761E-10  3.58327E-01  0.00000E+00  2.30640E+04  2.44030E+04  2.44030E+04
      3400  7.06338E-08  7.13494E-08  0.00000E+00  3.20685E-10  3.55128E-01  0.00000E+00  2.29410E+04  2.42530E+04  2.42530E+04
      3500  7.05809E-08  7.14307E-08  0.00000E+00  3.18605E-10  3.57305E-01  0.00000E+00  2.28050E+04  2.41190E+04  2.41190E+04
      3600  7.05176E-08  7.15822E-08  0.00000E+00  3.18042E-10  3.57662E-01  0.00000E+00  2.27350E+04  2.39910E+04  2.39910E+04
      3700  7.04411E-08  7.16850E-08  0.00000E+00  3.19594E-10  3.55283E-01  0.00000E+00  2.25850E+04  2.38820E+04  2.38820E+04
      3800  7.03699E-08  7.18040E-08  0.00000E+00  3.18232E-10  3.57134E-01  0.00000E+00  2.24760E+04  2.37490E+04  2.37490E+04
      3900  7.03123E-08  7.18315E-08  0.00000E+00  3.18413E-10  3.55448E-01  0.00000E+00  2.23760E+04  2.36250E+04  2.36250E+04
      4000  7.02527E-08  7.19163E-08  0.00000E+00  3.17668E-10  3.56176E-01  0.00000E+00  2.22710E+04  2.34870E+04  2.34870E+04
