  sim.turn     t(hours)        N1_macro    N1_real        NlostLum1     Sum   NlostDebunch1  Sum   NLostBet1   Sum   NlostMom1     Sum     N2_macro     N2_real     NlostLum2     Sum   NlostDebunch2  SumNLostBet2   Sum   NlostMom2     Sum
  -----------------------------------------------------------------------------------------------------------------------------------------------------------------------------------------------------------------------------------------------
         0    0.0000000E+00     30000    0.1400000E+09         0         0         0         0         0         0         0         0     30000    0.1400000E+09         0         0         0         0         0         0         0         0
       100    0.2500000E-01     29787    0.1390060E+09       213       213         0         0         0         0         0         0     29783    0.1389873E+09       217       217         0         0         0         0         0         0
       200    0.5000000E-01     29606    0.1381613E+09       181       394         0         0         0         0         0         0     29579    0.1380353E+09       204       421         0         0         0         0         0         0
       300    0.7500000E-01     29416    0.1372747E+09       178       572        12        12         0         0         0         0     29356    0.1369947E+09       205       626        18        18         0         0         0         0
       400    0.1000000E+00     29193    0.1362340E+09       206       778        17        29         0         0         0         0     29140    0.1359867E+09       187       813        29        47         0         0         0         0
       500    0.1250000E+00     28961    0.1351513E+09       201       979        31        60         0         0         0         0     28942    0.1350627E+09       183       996        15        62         0         0         0         0
       600    0.1500000E+00     28736    0.1341013E+09       203      1182        22        82         0         0         0         0     28744    0.1341387E+09       180      1176        18        80         0         0         0         0
       700    0.1750000E+00     28523    0.1331073E+09       190      1372        23       105         0         0         0         0     28542    0.1331960E+09       183      1359        19        99         0         0         0         0
       800    0.2000000E+00     28337    0.1322393E+09       165      1537        21       126         0         0         0         0     28330    0.1322067E+09       194      1553        18       117         0         0         0         0
       900    0.2250000E+00     28148    0.1313573E+09       172      1709        17       143         0         0         0         0     28143    0.1313340E+09       177      1730        10       127         0         0         0         0
      1000    0.2500000E+00     27969    0.1305220E+09       166      1875        13       156         0         0         0         0     27960    0.1304800E+09       168      1898        15       142         0         0         0         0
      1100    0.2750000E+00     27782    0.1296493E+09       174      2049        13       169         0         0         0         0     27776    0.1296213E+09       168      2066        16       158         0         0         0         0
      1200    0.3000000E+00     27634    0.1289587E+09       138      2187        10       179         0         0         0         0     27595    0.1287767E+09       168      2234        13       171         0         0         0         0
      1300    0.3250000E+00     27455    0.1281233E+09       164      2351        15       194         0         0         0         0     27441    0.1280580E+09       147      2381         7       178         0         0         0         0
      1400    0.3500000E+00     27284    0.1273253E+09       166      2517         5       199         0         0         0         0     27261    0.1272180E+09       170      2551        10       188         0         0         0         0
      1500    0.3750000E+00     27124    0.1265787E+09       150      2667        10       209         0         0         0         0     27087    0.1264060E+09       161      2712        13       201         0         0         0         0
      1600    0.4000000E+00     26926    0.1256547E+09       185      2852        13       222         0         0         0         0     26917    0.1256127E+09       159      2871        11       212         0         0         0         0
      1700    0.4250000E+00     26767    0.1249127E+09       145      2997        14       236         0         0         0         0     26756    0.1248613E+09       151      3022        10       222         0         0         0         0
      1800    0.4500000E+00     26602    0.1241427E+09       158      3155         7       243         0         0         0         0     26578    0.1240307E+09       171      3193         7       229         0         0         0         0
      1900    0.4750000E+00     26416    0.1232747E+09       179      3334         7       250         0         0         0         0     26419    0.1232887E+09       146      3339        13       242         0         0         0         0
      2000    0.5000000E+00     26244    0.1224720E+09       165      3499         7       257         0         0         0         0     26266    0.1225747E+09       144      3483         9       251         0         0         0         0
      2100    0.5250000E+00     26086    0.1217347E+09       146      3645        12       269         0         0         0         0     26113    0.1218607E+09       146      3629         7       258         0         0         0         0
      2200    0.5500000E+00     25927    0.1209927E+09       154      3799         5       274         0         0         0         0     25965    0.1211700E+09       142      3771         6       264         0         0         0         0
      2300    0.5750000E+00     25757    0.1201993E+09       159      3958        11       285         0         0         0         0     25809    0.1204420E+09       147      3918         9       273         0         0         0         0
      2400    0.6000000E+00     25611    0.1195180E+09       139      4097         7       292         0         0         0         0     25674    0.1198120E+09       125      4043        10       283         0         0         0         0
      2500    0.6250000E+00     25453    0.1187807E+09       153      4250         5       297         0         0         0         0     25531    0.1191447E+09       130      4173        13       296         0         0         0         0
      2600    0.6500000E+00     25293    0.1180340E+09       153      4403         7       304         0         0         0         0     25387    0.1184727E+09       139      4312         5       301         0         0         0         0
      2700    0.6750000E+00     25125    0.1172500E+09       158      4561        10       314         0         0         0         0     25238    0.1177773E+09       138      4450        11       312         0         0         0         0
      2800    0.7000000E+00     25005    0.1166900E+09       113      4674         7       321         0         0         0         0     25111    0.1171847E+09       121      4571         6       318         0         0         0         0
      2900    0.7250000E+00     24853    0.1159807E+09       141      4815        11       332         0         0         0         0     24968    0.1165173E+09       134      4705         9       327         0         0         0         0
      3000    0.7500000E+00     24691    0.1152247E+09       153      4968         9       341         0         0         0         0     24811    0.1157847E+09       148      4853         9       336         0         0         0         0
      3100    0.7750000E+00     24540    0.1145200E+09       140      5108        11       352         0         0         0         0     24662    0.1150893E+09       144      4997         5       341         0         0         0         0
      3200    0.8000000E+00     24409    0.1139087E+09       125      5233         6       358         0         0         0         0     24524    0.1144453E+09       132      5129         6       347         0         0         0         0
      3300    0.8250000E+00     24270    0.1132600E+09       132      5365         7       365         0         0         0         0     24403    0.1138807E+09       117      5246         4       351         0         0         0         0
      3400    0.8500000E+00     24144    0.1126720E+09       120      5485         6       371         0         0         0         0     24253    0.1131807E+09       144      5390         6       357         0         0         0         0
      3500    0.8750000E+00     24007    0.1120327E+09       132      5617         5       376         0         0         0         0     24119    0.1125553E+09       128      5518         6       363         0         0         0         0
      3600    0.9000000E+00     23881    0.1114447E+09       125      5742         1       377         0         0         0         0     23991    0.1119580E+09       123      5641         5       368         0         0         0         0
      3700    0.9250000E+00     23768    0.1109173E+09       107      5849         6       383         0         0         0         0     23882    0.1114493E+09       103      5744         6       374         0         0         0         0
      3800    0.9500000E+00     23632    0.1102827E+09       129      5978         7       390         0         0         0         0     23749    0.1108287E+09       126      5870         7       381         0         0         0         0
      3900    0.9750000E+00     23501    0.1096713E+09       127      6105         4       394         0         0         0         0     23625    0.1102500E+09       117      5987         7       388         0         0         0         0
      4000    0.1000000E+01     23351    0.1089713E+09       142      6247         8       402         0         0         0         0     23487    0.1096060E+09       135      6122         3       391         0         0         0         0
