 sim.turn     t(hours)        L(cm^-2 s^-1)  reduction factor (hourglass,crossing angle) 
 ----------------------------------------------------------------------------------------
         0    0.0000000E+00    0.6823115E+25    0.9812511E+00    0.5000000E+00
       100    0.2500000E-01    0.6718395E+25    0.9811662E+00    0.5000000E+00
       200    0.5000000E-01    0.6627511E+25    0.9812428E+00    0.5000000E+00
       300    0.7500000E-01    0.6528823E+25    0.9812953E+00    0.5000000E+00
       400    0.1000000E+00    0.6423632E+25    0.9813724E+00    0.5000000E+00
       500    0.1250000E+00    0.6322133E+25    0.9814441E+00    0.5000000E+00
       600    0.1500000E+00    0.6222962E+25    0.9815149E+00    0.5000000E+00
       700    0.1750000E+00    0.6128130E+25    0.9815805E+00    0.5000000E+00
       800    0.2000000E+00    0.6033411E+25    0.9816639E+00    0.5000000E+00
       900    0.2250000E+00    0.5946961E+25    0.9817330E+00    0.5000000E+00
      1000    0.2500000E+00    0.5866172E+25    0.9817025E+00    0.5000000E+00
      1100    0.2750000E+00    0.5784605E+25    0.9817082E+00    0.5000000E+00
      1200    0.3000000E+00    0.5711222E+25    0.9818815E+00    0.5000000E+00
      1300    0.3250000E+00    0.5638576E+25    0.9818975E+00    0.5000000E+00
      1400    0.3500000E+00    0.5561929E+25    0.9818590E+00    0.5000000E+00
      1500    0.3750000E+00    0.5490516E+25    0.9819510E+00    0.5000000E+00
      1600    0.4000000E+00    0.5408726E+25    0.9819938E+00    0.5000000E+00
      1700    0.4250000E+00    0.5340799E+25    0.9820263E+00    0.5000000E+00
      1800    0.4500000E+00    0.5268709E+25    0.9821112E+00    0.5000000E+00
      1900    0.4750000E+00    0.5195363E+25    0.9820920E+00    0.5000000E+00
      2000    0.5000000E+00    0.5127059E+25    0.9820645E+00    0.5000000E+00
      2100    0.5250000E+00    0.5061547E+25    0.9821928E+00    0.5000000E+00
      2200    0.5500000E+00    0.4998265E+25    0.9821655E+00    0.5000000E+00
      2300    0.5750000E+00    0.4931110E+25    0.9822625E+00    0.5000000E+00
      2400    0.6000000E+00    0.4875395E+25    0.9823019E+00    0.5000000E+00
      2500    0.6250000E+00    0.4814660E+25    0.9822614E+00    0.5000000E+00
      2600    0.6500000E+00    0.4753991E+25    0.9822877E+00    0.5000000E+00
      2700    0.6750000E+00    0.4692999E+25    0.9822957E+00    0.5000000E+00
      2800    0.7000000E+00    0.4647496E+25    0.9823339E+00    0.5000000E+00
      2900    0.7250000E+00    0.4589706E+25    0.9825557E+00    0.5000000E+00
      3000    0.7500000E+00    0.4527938E+25    0.9824299E+00    0.5000000E+00
      3100    0.7750000E+00    0.4468625E+25    0.9823479E+00    0.5000000E+00
      3200    0.8000000E+00    0.4416693E+25    0.9826336E+00    0.5000000E+00
      3300    0.8250000E+00    0.4366352E+25    0.9826340E+00    0.5000000E+00
      3400    0.8500000E+00    0.4314056E+25    0.9824005E+00    0.5000000E+00
      3500    0.8750000E+00    0.4265641E+25    0.9826218E+00    0.5000000E+00
      3600    0.9000000E+00    0.4220653E+25    0.9827818E+00    0.5000000E+00
      3700    0.9250000E+00    0.4178306E+25    0.9825166E+00    0.5000000E+00
      3800    0.9500000E+00    0.4128949E+25    0.9826404E+00    0.5000000E+00
      3900    0.9750000E+00    0.4083161E+25    0.9827795E+00    0.5000000E+00
      4000    0.1000000E+01    0.4030512E+25    0.9826420E+00    0.5000000E+00
